TN:
SF:/home/runner/work/coral-spectrum/coral-spectrum/coral-base-button/src/scripts/BaseButton.js
FN:150,BaseButton
FN:151,(anonymous_1)
FN:157,_class
FN:188,_onClick
FN:197,_updateIcon
FN:230,_getIconElement
FN:246,_onMouseDown
FN:249,(anonymous_7)
FN:257,_updateLabel
FN:275,render
FN:343,get
FN:346,set
FN:350,insert
FN:379,get
FN:382,set
FN:399,get
FN:406,set
FN:420,get
FN:427,set
FN:444,get
FN:451,set
FN:470,get
FN:473,set
FN:489,get
FN:492,set
FN:505,get
FN:508,set
FN:523,get
FN:526,set
FN:543,get
FN:546,set
FN:580,get
FN:584,set
FN:589,get
FN:594,get
FN:606,get
FN:616,get
FN:626,get
FN:636,get
FN:641,get
FN:652,get
FNF:41
FNH:41
FNDA:4,BaseButton
FNDA:4,(anonymous_1)
FNDA:14776,_class
FNDA:380,_onClick
FNDA:20327,_updateIcon
FNDA:20781,_getIconElement
FNDA:2,_onMouseDown
FNDA:2,(anonymous_7)
FNDA:30859,_updateLabel
FNDA:11657,render
FNDA:36278,get
FNDA:14023,set
FNDA:14023,insert
FNDA:20548,get
FNDA:1432,set
FNDA:32928,get
FNDA:7238,set
FNDA:31221,get
FNDA:1100,set
FNDA:19647,get
FNDA:488,set
FNDA:12,get
FNDA:12443,set
FNDA:32,get
FNDA:660,set
FNDA:298,get
FNDA:832,set
FNDA:16,get
FNDA:12,set
FNDA:6140,get
FNDA:16836,set
FNDA:72,get
FNDA:12,set
FNDA:42249,get
FNDA:231349,get
FNDA:12,get
FNDA:9027,get
FNDA:28,get
FNDA:88,get
FNDA:32768,get
FNDA:4,get
DA:40,2
DA:41,2
DA:43,2
DA:45,14
DA:46,8
DA:81,2
DA:98,2
DA:99,2
DA:100,2
DA:101,2
DA:126,2
DA:141,2
DA:150,2
DA:151,4
DA:152,4
DA:154,4
DA:160,14776
DA:162,14776
DA:164,14776
DA:170,14776
DA:175,14776
DA:177,14776
DA:186,4
DA:189,380
DA:190,380
DA:198,20327
DA:199,680
DA:202,19647
DA:203,19647
DA:204,19647
DA:206,19647
DA:208,19647
DA:210,19647
DA:212,19647
DA:214,19647
DA:215,5742
DA:217,13905
DA:218,12415
DA:220,6513
DA:224,19647
DA:231,20781
DA:232,11524
DA:233,11524
DA:236,20781
DA:247,2
DA:249,2
DA:250,2
DA:251,2
DA:258,30859
DA:259,30859
DA:261,30859
DA:262,16321
DA:263,12281
DA:265,4040
DA:276,11657
DA:279,11657
DA:280,984
DA:283,11657
DA:284,11081
DA:288,11657
DA:289,11657
DA:290,11657
DA:292,11657
DA:293,4028
DA:296,11657
DA:298,11657
DA:299,27990
DA:301,27990
DA:303,2118
DA:304,0
DA:307,2118
DA:308,2118
DA:309,2118
DA:312,25872
DA:313,18930
DA:316,6942
DA:321,11657
DA:323,11657
DA:325,11657
DA:327,11657
DA:344,36278
DA:347,14023
DA:352,14023
DA:355,14023
DA:356,9927
DA:359,14023
DA:360,12661
DA:362,1362
DA:380,20548
DA:383,1432
DA:384,1432
DA:386,1432
DA:388,1432
DA:400,32928
DA:401,27300
DA:404,5628
DA:407,7238
DA:409,7238
DA:421,31221
DA:422,19689
DA:425,11532
DA:428,1100
DA:429,1100
DA:431,1100
DA:432,554
DA:445,19647
DA:446,8127
DA:449,11520
DA:452,488
DA:453,488
DA:455,488
DA:456,408
DA:471,12
DA:474,12443
DA:475,12443
DA:477,12443
DA:490,32
DA:493,660
DA:495,660
DA:497,660
DA:498,660
DA:506,298
DA:509,832
DA:511,832
DA:524,16
DA:527,12
DA:529,12
DA:531,12
DA:544,6140
DA:549,16836
DA:550,16836
DA:552,16836
DA:555,16836
DA:557,16836
DA:559,16836
DA:560,7466
DA:564,9370
DA:566,9370
DA:567,6934
DA:572,16836
DA:581,72
DA:585,12
DA:590,42249
DA:595,231349
DA:607,12
DA:617,9027
DA:627,28
DA:637,88
DA:642,32768
DA:653,4
DA:657,4
LF:151
LH:150
BRDA:45,0,0,8
BRDA:45,0,1,6
BRDA:166,1,0,14776
BRDA:166,1,1,13450
BRDA:189,2,0,380
BRDA:189,2,1,0
BRDA:198,3,0,680
BRDA:198,3,1,19647
BRDA:198,4,0,20327
BRDA:198,4,1,7948
BRDA:214,5,0,5742
BRDA:214,5,1,13905
BRDA:217,6,0,12415
BRDA:217,6,1,1490
BRDA:217,7,0,13905
BRDA:217,7,1,2574
BRDA:218,8,0,6513
BRDA:218,8,1,5902
BRDA:220,9,0,5425
BRDA:220,9,1,1088
BRDA:231,10,0,11524
BRDA:231,10,1,9257
BRDA:250,11,0,2
BRDA:250,11,1,0
BRDA:258,12,0,30859
BRDA:258,12,1,16836
BRDA:261,13,0,16321
BRDA:261,13,1,14538
BRDA:262,14,0,12281
BRDA:262,14,1,4040
BRDA:262,15,0,16321
BRDA:262,15,1,11183
BRDA:279,16,0,984
BRDA:279,16,1,10673
BRDA:283,17,0,11081
BRDA:283,17,1,576
BRDA:292,18,0,4028
BRDA:292,18,1,7629
BRDA:301,19,0,2118
BRDA:301,19,1,25872
BRDA:303,20,0,0
BRDA:303,20,1,2118
BRDA:312,21,0,18930
BRDA:312,21,1,6942
BRDA:355,22,0,9927
BRDA:355,22,1,4096
BRDA:359,23,0,12661
BRDA:359,23,1,1362
BRDA:380,24,0,20548
BRDA:380,24,1,18078
BRDA:384,25,0,1432
BRDA:384,25,1,1428
BRDA:384,25,2,4
BRDA:400,26,0,27300
BRDA:400,26,1,5628
BRDA:401,27,0,27300
BRDA:401,27,1,5806
BRDA:404,28,0,5628
BRDA:404,28,1,5628
BRDA:421,29,0,19689
BRDA:421,29,1,11532
BRDA:422,30,0,19689
BRDA:422,30,1,11524
BRDA:425,31,0,11532
BRDA:425,31,1,11178
BRDA:429,32,0,1100
BRDA:429,32,1,1084
BRDA:429,32,2,16
BRDA:431,33,0,554
BRDA:431,33,1,546
BRDA:445,34,0,8127
BRDA:445,34,1,11520
BRDA:446,35,0,8127
BRDA:446,35,1,7723
BRDA:449,36,0,11520
BRDA:449,36,1,11520
BRDA:453,37,0,488
BRDA:453,37,1,488
BRDA:453,37,2,0
BRDA:455,38,0,408
BRDA:455,38,1,80
BRDA:471,39,0,12
BRDA:471,39,1,0
BRDA:475,40,0,12443
BRDA:475,40,1,12439
BRDA:475,40,2,4
BRDA:490,41,0,32
BRDA:490,41,1,18
BRDA:524,42,0,16
BRDA:524,42,1,4
BRDA:544,43,0,6140
BRDA:544,43,1,664
BRDA:550,44,0,16836
BRDA:550,44,1,16828
BRDA:550,44,2,8
BRDA:559,45,0,7466
BRDA:559,45,1,9370
BRDA:566,46,0,6934
BRDA:566,46,1,2436
BRDA:566,47,0,9370
BRDA:566,47,1,5990
BRDA:581,48,0,52
BRDA:581,48,1,20
BRDA:582,49,0,52
BRDA:582,49,1,32
BRDA:582,50,0,52
BRDA:582,50,1,0
BRF:107
BRH:101
end_of_record
TN:
SF:/home/runner/work/coral-spectrum/coral-spectrum/coral-base-component/src/scripts/BaseComponent.js
FN:43,getListenerFromMethodNameOrFunction
FN:73,delegateEvents
FN:200,delegateGlobalEvents
FN:229,undelegateGlobalEvents
FN:260,getConstructorName
FN:268,find
FN:325,_recursiveIgnoreConnectedCallback
FN:344,BaseComponent
FN:345,(anonymous_8)
FN:351,_class
FN:362,(anonymous_10)
FN:363,(anonymous_11)
FN:403,_filterKeys
FN:409,_delegateEvents
FN:420,_getContentZone
FN:432,_setContentZone
FN:490,_reflectAttribute
FN:519,_trackEvent
FN:533,toString
FN:551,on
FN:571,off
FN:591,trigger
FN:647,set
FN:654,isContentZone
FN:658,updateContentZone
FN:672,setProperty
FN:710,get
FN:720,show
FN:737,hide
FN:755,_onMessengerConnected
FN:776,attributeChangedCallback
FN:793,_updateCallback
FN:799,connectedCallback
FN:815,render
FN:822,disconnectedCallback
FN:829,get
FN:832,set
FN:846,get
FN:849,set
FN:862,get
FN:865,set
FN:871,get
FN:876,get
FN:879,set
FN:895,get
FN:900,get
FN:910,get
FNF:47
FNH:47
FNDA:312932,getListenerFromMethodNameOrFunction
FNDA:50170,delegateEvents
FNDA:75675,delegateGlobalEvents
FNDA:104642,undelegateGlobalEvents
FNDA:2,getConstructorName
FNDA:2,find
FNDA:3102,_recursiveIgnoreConnectedCallback
FNDA:248,BaseComponent
FNDA:248,(anonymous_8)
FNDA:97410,_class
FNDA:40929,(anonymous_10)
FNDA:299665,(anonymous_11)
FNDA:430,_filterKeys
FNDA:50170,_delegateEvents
FNDA:108108,_getContentZone
FNDA:47145,_setContentZone
FNDA:188058,_reflectAttribute
FNDA:1483,_trackEvent
FNDA:2,toString
FNDA:2714,on
FNDA:1788,off
FNDA:63687,trigger
FNDA:8618,set
FNDA:32220,isContentZone
FNDA:6502,updateContentZone
FNDA:32220,setProperty
FNDA:2,get
FNDA:203,show
FNDA:154,hide
FNDA:694,_onMessengerConnected
FNDA:195044,attributeChangedCallback
FNDA:35429,_updateCallback
FNDA:81263,connectedCallback
FNDA:70209,render
FNDA:104642,disconnectedCallback
FNDA:2269,get
FNDA:15484,set
FNDA:176,get
FNDA:230,set
FNDA:200,get
FNDA:4928,set
FNDA:2,get
FNDA:178473,get
FNDA:660,set
FNDA:1891,get
FNDA:108091,get
FNDA:266,get
DA:22,2
DA:34,2
DA:43,2
DA:45,312932
DA:46,0
DA:47,312932
DA:48,312932
DA:49,0
DA:52,312932
DA:54,312932
DA:55,0
DA:58,312932
DA:59,0
DA:62,0
DA:65,0
DA:73,2
DA:93,50170
DA:94,312932
DA:96,312932
DA:97,312932
DA:98,312932
DA:100,312932
DA:102,122882
DA:106,312932
DA:108,312932
DA:111,312932
DA:113,312932
DA:115,312932
DA:116,52174
DA:120,312932
DA:122,312932
DA:124,57278
DA:128,312932
DA:130,312932
DA:131,106290
DA:132,0
DA:135,106290
DA:139,312932
DA:141,312932
DA:142,682
DA:143,0
DA:147,312932
DA:149,52174
DA:150,6792
DA:152,6792
DA:158,45382
DA:160,45382
DA:168,260758
DA:170,99498
DA:177,99498
DA:178,161260
DA:179,0
DA:180,0
DA:182,0
DA:183,0
DA:186,0
DA:189,161260
DA:200,2
DA:203,75675
DA:205,23491
DA:206,50115
DA:207,50115
DA:211,75675
DA:213,11210
DA:214,12174
DA:215,12174
DA:219,75675
DA:220,16288
DA:229,2
DA:232,104642
DA:234,20796
DA:235,44236
DA:236,44236
DA:240,104642
DA:242,5880
DA:243,6834
DA:244,6834
DA:248,104642
DA:249,14550
DA:254,2
DA:260,2
DA:262,2
DA:264,2
DA:266,2
DA:268,2
DA:269,2
DA:271,2
DA:273,2
DA:274,2
DA:276,2
DA:277,2
DA:279,2
DA:281,2
DA:285,2
DA:287,2
DA:288,2
DA:290,0
DA:296,2
DA:300,2
DA:304,2
DA:305,4
DA:306,2
DA:307,2
DA:309,2
DA:314,2
DA:315,2
DA:325,2
DA:326,3102
DA:328,3102
DA:329,2986
DA:331,2986
DA:332,544
DA:334,2442
DA:344,2
DA:345,248
DA:346,248
DA:348,248
DA:354,97410
DA:356,97410
DA:358,97410
DA:359,97410
DA:361,97410
DA:362,38980
DA:363,40929
DA:364,299665
DA:365,273282
DA:367,273282
DA:368,480600
DA:370,480600
DA:374,2344
DA:381,38980
DA:387,97410
DA:398,248
DA:404,430
DA:410,50170
DA:411,50170
DA:412,50170
DA:414,50170
DA:421,108108
DA:422,62612
DA:426,45496
DA:433,47145
DA:434,47145
DA:435,47145
DA:436,47145
DA:439,47145
DA:440,47139
DA:441,0
DA:444,47139
DA:445,0
DA:448,47139
DA:450,47139
DA:452,47139
DA:454,47139
DA:455,9708
DA:459,47139
DA:460,0
DA:461,0
DA:464,0
DA:466,0
DA:469,0
DA:473,6
DA:475,6
DA:476,2
DA:481,47145
DA:483,47145
DA:484,6236
DA:491,188058
DA:492,31476
DA:493,4528
DA:494,4528
DA:495,4528
DA:496,26948
DA:497,1022
DA:498,1022
DA:499,1022
DA:501,156582
DA:502,81619
DA:503,81619
DA:504,81619
DA:520,1483
DA:521,1131
DA:524,1483
DA:534,2
DA:552,2714
DA:554,2714
DA:572,1788
DA:574,1788
DA:593,63687
DA:595,63687
DA:596,63687
DA:602,63687
DA:603,6984
DA:607,56703
DA:609,56703
DA:612,56703
DA:617,56703
DA:624,0
DA:628,0
DA:631,0
DA:634,56703
DA:648,8618
DA:654,8618
DA:655,32220
DA:658,8618
DA:660,6502
DA:661,6500
DA:663,6596
DA:668,2
DA:672,8618
DA:673,32220
DA:674,6502
DA:676,25718
DA:679,25718
DA:680,25718
DA:684,8618
DA:686,588
DA:687,588
DA:688,588
DA:690,8030
DA:691,8030
DA:693,8030
DA:694,31632
DA:695,31632
DA:699,8618
DA:711,2
DA:721,203
DA:722,200
DA:727,3
DA:728,3
DA:738,154
DA:739,28
DA:744,126
DA:745,126
DA:756,694
DA:757,694
DA:759,694
DA:760,694
DA:762,0
DA:777,195044
DA:779,195044
DA:781,108091
DA:801,81263
DA:802,25505
DA:805,81263
DA:807,81263
DA:808,76001
DA:816,70209
DA:824,104642
DA:825,104642
DA:830,2269
DA:833,15484
DA:834,15484
DA:847,176
DA:850,230
DA:863,200
DA:866,4928
DA:872,2
DA:877,178473
DA:880,660
DA:882,660
DA:883,660
DA:885,660
DA:896,1891
DA:901,108091
DA:911,266
DA:915,248
LF:267
LH:242
BRDA:45,0,0,0
BRDA:45,0,1,312932
BRDA:47,1,0,312932
BRDA:47,1,1,0
BRDA:48,2,0,0
BRDA:48,2,1,312932
BRDA:54,3,0,0
BRDA:54,3,1,312932
BRDA:59,4,0,0
BRDA:59,4,1,0
BRDA:100,5,0,122882
BRDA:100,5,1,190050
BRDA:108,6,0,312932
BRDA:108,6,1,0
BRDA:115,7,0,52174
BRDA:115,7,1,260758
BRDA:122,8,0,57278
BRDA:122,8,1,255654
BRDA:130,9,0,106290
BRDA:130,9,1,206642
BRDA:131,10,0,0
BRDA:131,10,1,106290
BRDA:141,11,0,682
BRDA:141,11,1,312250
BRDA:142,12,0,0
BRDA:142,12,1,682
BRDA:147,13,0,52174
BRDA:147,13,1,260758
BRDA:149,14,0,6792
BRDA:149,14,1,45382
BRDA:150,15,0,6792
BRDA:150,15,1,5976
BRDA:158,16,0,45382
BRDA:158,16,1,20506
BRDA:168,17,0,99498
BRDA:168,17,1,161260
BRDA:170,18,0,99498
BRDA:170,18,1,13002
BRDA:178,19,0,0
BRDA:178,19,1,161260
BRDA:179,20,0,0
BRDA:179,20,1,0
BRDA:203,21,0,23491
BRDA:203,21,1,52184
BRDA:211,22,0,11210
BRDA:211,22,1,64465
BRDA:219,23,0,16288
BRDA:219,23,1,59387
BRDA:232,24,0,20796
BRDA:232,24,1,83846
BRDA:240,25,0,5880
BRDA:240,25,1,98762
BRDA:248,26,0,14550
BRDA:248,26,1,90092
BRDA:266,27,0,2
BRDA:266,27,1,0
BRDA:273,28,0,2
BRDA:273,28,1,0
BRDA:273,29,0,2
BRDA:273,29,1,2
BRDA:273,29,2,0
BRDA:279,30,0,2
BRDA:279,30,1,0
BRDA:287,31,0,2
BRDA:287,31,1,0
BRDA:305,32,0,2
BRDA:305,32,1,2
BRDA:331,33,0,544
BRDA:331,33,1,2442
BRDA:361,34,0,38980
BRDA:361,34,1,58430
BRDA:370,35,0,2344
BRDA:370,35,1,478256
BRDA:370,36,0,480600
BRDA:370,36,1,52883
BRDA:421,37,0,62612
BRDA:421,37,1,45496
BRDA:422,38,0,62612
BRDA:422,38,1,45656
BRDA:422,38,2,16956
BRDA:439,39,0,47139
BRDA:439,39,1,6
BRDA:440,40,0,0
BRDA:440,40,1,47139
BRDA:444,41,0,0
BRDA:444,41,1,47139
BRDA:444,42,0,47139
BRDA:444,42,1,47139
BRDA:452,43,0,47139
BRDA:452,43,1,0
BRDA:454,44,0,9708
BRDA:454,44,1,37431
BRDA:454,45,0,47139
BRDA:454,45,1,47139
BRDA:460,46,0,0
BRDA:460,46,1,0
BRDA:460,47,0,0
BRDA:460,47,1,0
BRDA:475,48,0,2
BRDA:475,48,1,4
BRDA:475,49,0,6
BRDA:475,49,1,4
BRDA:483,50,0,6236
BRDA:483,50,1,40909
BRDA:491,51,0,31476
BRDA:491,51,1,156582
BRDA:492,52,0,4528
BRDA:492,52,1,26948
BRDA:492,53,0,31476
BRDA:492,53,1,13632
BRDA:496,54,0,1022
BRDA:496,54,1,25926
BRDA:496,55,0,26948
BRDA:496,55,1,17844
BRDA:501,56,0,81619
BRDA:501,56,1,74963
BRDA:520,57,0,1131
BRDA:520,57,1,352
BRDA:593,58,0,63687
BRDA:593,58,1,63687
BRDA:595,59,0,63687
BRDA:595,59,1,63687
BRDA:602,60,0,6984
BRDA:602,60,1,56703
BRDA:617,61,0,0
BRDA:617,61,1,56703
BRDA:655,62,0,32220
BRDA:655,62,1,29708
BRDA:660,63,0,6500
BRDA:660,63,1,2
BRDA:660,64,0,6502
BRDA:660,64,1,6502
BRDA:673,65,0,6502
BRDA:673,65,1,25718
BRDA:684,66,0,588
BRDA:684,66,1,8030
BRDA:721,67,0,200
BRDA:721,67,1,3
BRDA:738,68,0,28
BRDA:738,68,1,126
BRDA:759,69,0,694
BRDA:759,69,1,0
BRDA:779,70,0,108091
BRDA:779,70,1,86953
BRDA:781,71,0,108091
BRDA:781,71,1,92619
BRDA:801,72,0,25505
BRDA:801,72,1,55758
BRDA:807,73,0,76001
BRDA:807,73,1,5262
BRDA:830,74,0,2269
BRDA:830,74,1,1857
BRDA:830,74,2,1857
BRDA:834,75,0,15484
BRDA:834,75,1,15484
BRDA:834,75,2,0
BRDA:847,76,0,176
BRDA:847,76,1,26
BRDA:847,76,2,26
BRDA:863,77,0,200
BRDA:863,77,1,28
BRDA:863,77,2,28
BRDA:872,78,0,2
BRDA:872,78,1,2
BRDA:877,79,0,178473
BRDA:877,79,1,178183
BRDA:882,80,0,660
BRDA:882,80,1,0
BRF:168
BRH:140
end_of_record
TN:
SF:/home/runner/work/coral-spectrum/coral-spectrum/coral-base-fieldgroup/src/scripts/BaseFieldGroup.js
FN:43,BaseFieldGroup
FN:44,(anonymous_1)
FN:49,_class
FN:59,render
FN:78,get
FN:99,get
FN:102,set
FN:119,get
FN:126,get
FN:137,get
FN:144,get
FNF:11
FNH:10
FNDA:6,BaseFieldGroup
FNDA:6,(anonymous_1)
FNDA:66,_class
FNDA:54,render
FNDA:24,get
FNDA:8,get
FNDA:60,set
FNDA:2,get
FNDA:0,get
FNDA:44,get
FNDA:6,get
DA:22,2
DA:34,2
DA:43,2
DA:44,6
DA:45,6
DA:47,6
DA:50,66
DA:52,66
DA:55,6
DA:60,54
DA:62,54
DA:64,54
DA:66,54
DA:67,32
DA:80,24
DA:81,8
DA:87,24
DA:100,8
DA:103,60
DA:104,60
DA:106,60
DA:108,60
DA:120,2
DA:128,0
DA:138,44
DA:145,6
DA:149,6
LF:27
LH:26
BRDA:66,0,0,32
BRDA:66,0,1,22
BRDA:80,1,0,8
BRDA:80,1,1,16
BRDA:100,2,0,8
BRDA:100,2,1,2
BRDA:104,3,0,60
BRDA:104,3,1,60
BRDA:104,3,2,0
BRF:9
BRH:8
end_of_record
TN:
SF:/home/runner/work/coral-spectrum/coral-spectrum/coral-base-formfield/src/scripts/BaseFormField.js
FN:27,(anonymous_0)
FN:48,BaseFormField
FN:49,(anonymous_2)
FN:55,_class
FN:139,_getLabellableElement
FN:156,_getTargetChangeInput
FN:170,_onInputChange
FN:188,_onFormReset
FN:201,_onTargetInputChange
FN:226,_updateForAttributes
FN:230,(anonymous_10)
FN:255,clear
FN:265,reset
FN:274,get
FN:277,set
FN:294,get
FN:297,set
FN:311,get
FN:314,set
FN:331,get
FN:334,set
FN:368,get
FN:381,get
FN:393,get
FN:398,get
FN:408,get
FN:415,get
FNF:27
FNH:26
FNDA:0,(anonymous_0)
FNDA:36,BaseFormField
FNDA:36,(anonymous_2)
FNDA:15166,_class
FNDA:18978,_getLabellableElement
FNDA:176,_getTargetChangeInput
FNDA:22,_onInputChange
FNDA:63495,_onFormReset
FNDA:178,_onTargetInputChange
FNDA:1628,_updateForAttributes
FNDA:1960,(anonymous_10)
FNDA:44,clear
FNDA:160,reset
FNDA:1941,get
FNDA:1542,set
FNDA:4,get
FNDA:8,set
FNDA:6266,get
FNDA:182,set
FNDA:7686,get
FNDA:4990,set
FNDA:172,get
FNDA:8,get
FNDA:108,get
FNDA:14178,get
FNDA:4,get
FNDA:36,get
DA:21,2
DA:24,2
DA:25,0
DA:27,0
DA:28,0
DA:31,0
DA:35,2
DA:48,2
DA:49,36
DA:50,36
DA:52,36
DA:58,15166
DA:60,15166
DA:61,15166
DA:65,15166
DA:130,36
DA:141,18978
DA:143,18978
DA:158,176
DA:172,22
DA:175,22
DA:177,22
DA:178,22
DA:189,63495
DA:190,206
DA:202,178
DA:205,178
DA:207,156
DA:228,1628
DA:230,1628
DA:231,1960
DA:233,1960
DA:234,558
DA:236,558
DA:238,270
DA:239,166
DA:244,288
DA:257,44
DA:270,160
DA:275,1941
DA:278,1542
DA:280,1542
DA:282,1542
DA:283,1542
DA:295,4
DA:298,8
DA:300,8
DA:312,6266
DA:315,182
DA:317,182
DA:332,7686
DA:335,4990
DA:338,4990
DA:341,4990
DA:342,4990
DA:344,4990
DA:345,186
DA:348,4990
DA:349,1522
DA:351,1522
DA:352,1442
DA:356,3468
DA:369,172
DA:382,8
DA:394,108
DA:399,14178
DA:409,4
DA:416,36
DA:420,36
LF:69
LH:65
BRDA:24,0,0,0
BRDA:24,0,1,2
BRDA:24,1,0,2
BRDA:24,1,1,2
BRDA:141,2,0,18978
BRDA:141,2,1,110
BRDA:143,3,0,18978
BRDA:143,3,1,76
BRDA:158,4,0,176
BRDA:158,4,1,164
BRDA:159,5,0,114
BRDA:159,5,1,50
BRDA:177,6,0,22
BRDA:177,6,1,0
BRDA:189,7,0,206
BRDA:189,7,1,63289
BRDA:205,8,0,156
BRDA:205,8,1,22
BRDA:205,9,0,178
BRDA:205,9,1,72
BRDA:233,10,0,558
BRDA:233,10,1,1402
BRDA:233,11,0,1960
BRDA:233,11,1,699
BRDA:236,12,0,270
BRDA:236,12,1,288
BRDA:238,13,0,166
BRDA:238,13,1,104
BRDA:275,14,0,1941
BRDA:275,14,1,1662
BRDA:300,15,0,6
BRDA:300,15,1,2
BRDA:317,16,0,156
BRDA:317,16,1,26
BRDA:341,17,0,4990
BRDA:341,17,1,1702
BRDA:344,18,0,186
BRDA:344,18,1,4804
BRDA:344,19,0,4990
BRDA:344,19,1,266
BRDA:348,20,0,1522
BRDA:348,20,1,3468
BRDA:351,21,0,1442
BRDA:351,21,1,80
BRF:44
BRH:42
end_of_record
TN:
SF:/home/runner/work/coral-spectrum/coral-spectrum/coral-base-labellable/src/scripts/BaseLabellable.js
FN:24,BaseLabellable
FN:25,(anonymous_1)
FN:30,_class
FN:38,_observeLabel
FN:55,_toggleIconAriaHidden
FN:70,attributeChangedCallback
FN:79,get
FNF:7
FNH:7
FNDA:18,BaseLabellable
FNDA:18,(anonymous_1)
FNDA:18410,_class
FNDA:17594,_observeLabel
FNDA:41159,_toggleIconAriaHidden
FNDA:64134,attributeChangedCallback
FNDA:24,get
DA:24,2
DA:25,18
DA:26,18
DA:28,18
DA:31,18410
DA:33,18410
DA:36,18
DA:39,17594
DA:41,17594
DA:43,17594
DA:56,41159
DA:58,41159
DA:59,34395
DA:61,34395
DA:71,64134
DA:72,12229
DA:74,51905
DA:80,24
DA:84,18
LF:19
LH:19
BRDA:39,0,0,17594
BRDA:39,0,1,17594
BRDA:39,0,2,2818
BRDA:56,1,0,41159
BRDA:56,1,1,17416
BRDA:56,1,2,2840
BRDA:58,2,0,34395
BRDA:58,2,1,6764
BRDA:59,3,0,34395
BRDA:59,3,1,34285
BRDA:59,3,2,23758
BRDA:59,3,3,13726
BRDA:61,4,0,20789
BRDA:61,4,1,13606
BRDA:71,5,0,12229
BRDA:71,5,1,51905
BRDA:71,6,0,64134
BRDA:71,6,1,54353
BRF:18
BRH:18
end_of_record
TN:
SF:/home/runner/work/coral-spectrum/coral-spectrum/coral-base-list/src/scripts/BaseList.js
FN:42,BaseList
FN:43,(anonymous_1)
FN:49,_class
FN:83,_eventIsAtTarget
FN:97,_onMouseEnter
FN:106,_focusFirstItem
FN:119,_focusLastItem
FN:132,_focusNextItem
FN:158,_focusPreviousItem
FN:184,_getSelectableItems
FN:186,(anonymous_10)
FN:194,focus
FN:212,render
FN:223,get
FN:240,get
FN:254,get
FN:257,set
FN:265,get
FN:272,get
FNF:19
FNH:14
FNDA:6,BaseList
FNDA:6,(anonymous_1)
FNDA:798,_class
FNDA:2,_eventIsAtTarget
FNDA:0,_onMouseEnter
FNDA:0,_focusFirstItem
FNDA:0,_focusLastItem
FNDA:0,_focusNextItem
FNDA:2,_focusPreviousItem
FNDA:14,_getSelectableItems
FNDA:58,(anonymous_10)
FNDA:8,focus
FNDA:710,render
FNDA:674,get
FNDA:4,get
FNDA:2,get
FNDA:774,set
FNDA:0,get
FNDA:8,get
DA:21,2
DA:33,2
DA:42,2
DA:43,6
DA:44,6
DA:46,6
DA:52,798
DA:54,798
DA:55,798
DA:67,798
DA:76,6
DA:84,2
DA:85,2
DA:86,2
DA:88,2
DA:90,2
DA:93,2
DA:98,0
DA:99,0
DA:107,0
DA:108,0
DA:111,0
DA:113,0
DA:120,0
DA:121,0
DA:124,0
DA:126,0
DA:133,0
DA:134,0
DA:137,0
DA:139,0
DA:141,0
DA:143,0
DA:145,0
DA:148,0
DA:149,0
DA:151,0
DA:159,2
DA:160,0
DA:163,2
DA:165,2
DA:167,2
DA:169,2
DA:171,0
DA:174,2
DA:175,0
DA:177,2
DA:186,14
DA:187,58
DA:195,8
DA:196,8
DA:198,8
DA:199,8
DA:213,710
DA:215,710
DA:217,710
DA:218,386
DA:225,674
DA:226,161
DA:234,674
DA:242,4
DA:255,2
DA:258,774
DA:259,774
DA:261,774
DA:266,0
DA:273,8
DA:277,6
LF:68
LH:44
BRDA:88,0,0,2
BRDA:88,0,1,0
BRDA:98,1,0,0
BRDA:98,1,1,0
BRDA:107,2,0,0
BRDA:107,2,1,0
BRDA:107,3,0,0
BRDA:107,3,1,0
BRDA:120,4,0,0
BRDA:120,4,1,0
BRDA:120,5,0,0
BRDA:120,5,1,0
BRDA:133,6,0,0
BRDA:133,6,1,0
BRDA:133,7,0,0
BRDA:133,7,1,0
BRDA:143,8,0,0
BRDA:143,8,1,0
BRDA:148,9,0,0
BRDA:148,9,1,0
BRDA:159,10,0,0
BRDA:159,10,1,2
BRDA:159,11,0,2
BRDA:159,11,1,2
BRDA:169,12,0,0
BRDA:169,12,1,2
BRDA:174,13,0,0
BRDA:174,13,1,2
BRDA:187,14,0,58
BRDA:187,14,1,58
BRDA:195,15,0,8
BRDA:195,15,1,0
BRDA:198,16,0,8
BRDA:198,16,1,0
BRDA:217,17,0,386
BRDA:217,17,1,324
BRDA:225,18,0,161
BRDA:225,18,1,513
BRDA:255,19,0,2
BRDA:255,19,1,0
BRDA:259,20,0,774
BRDA:259,20,1,774
BRDA:259,20,2,0
BRF:43
BRH:17
end_of_record
TN:
SF:/home/runner/work/coral-spectrum/coral-spectrum/coral-base-list/src/scripts/BaseListItem.js
FN:29,BaseListItem
FN:30,(anonymous_1)
FN:36,_class
FN:61,_getIconElement
FN:75,render
FN:98,get
FN:101,set
FN:107,insert
FN:126,get
FN:129,set
FN:146,get
FN:151,set
FN:166,get
FN:175,get
FNF:14
FNH:14
FNDA:6,BaseListItem
FNDA:6,(anonymous_1)
FNDA:970,_class
FNDA:2628,_getIconElement
FNDA:889,render
FNDA:1808,get
FNDA:957,set
FNDA:957,insert
FNDA:5986,get
FNDA:146,set
FNDA:889,get
FNDA:1739,set
FNDA:13250,get
FNDA:12,get
DA:23,2
DA:29,2
DA:30,6
DA:31,6
DA:33,6
DA:39,970
DA:41,970
DA:43,970
DA:48,970
DA:50,970
DA:59,6
DA:62,2628
DA:63,964
DA:64,964
DA:66,964
DA:69,2628
DA:76,889
DA:78,889
DA:81,889
DA:83,889
DA:85,889
DA:87,695
DA:88,1131
DA:93,889
DA:94,889
DA:99,1808
DA:102,957
DA:104,957
DA:108,957
DA:110,957
DA:112,957
DA:127,5986
DA:130,146
DA:132,146
DA:134,146
DA:135,146
DA:147,889
DA:149,889
DA:152,1739
DA:154,1739
DA:155,402
DA:157,1337
DA:160,1739
DA:162,1739
DA:167,13250
DA:176,12
DA:180,6
LF:47
LH:47
BRDA:45,0,0,970
BRDA:45,0,1,780
BRDA:62,1,0,964
BRDA:62,1,1,1664
BRDA:63,2,0,964
BRDA:63,2,1,834
BRDA:85,3,0,695
BRDA:85,3,1,194
BRDA:127,4,0,5986
BRDA:127,4,1,5986
BRDA:135,5,0,8
BRDA:135,5,1,138
BRDA:154,6,0,402
BRDA:154,6,1,1337
BRF:14
BRH:14
end_of_record
TN:
SF:/home/runner/work/coral-spectrum/coral-spectrum/coral-base-overlay/src/scripts/BaseOverlay.js
FN:42,preventScroll
FN:54,cancelBackdropHide
FN:62,hideEverythingBut
FN:99,doRepositionBackdrop
FN:118,pop
FN:133,push
FN:156,indexOf
FN:168,get
FN:174,top
FN:178,getHighestZIndex
FN:182,some
FN:185,forEach
FN:193,createDocumentTabCaptureEls
FN:200,(anonymous_13)
FN:205,(anonymous_14)
FN:220,(anonymous_15)
FN:224,(anonymous_16)
FN:254,hideDocumentTabCaptureEls
FN:265,showEverything
FN:280,doBackdropHide
FN:283,(anonymous_20)
FN:286,(anonymous_21)
FN:300,hideOrRepositionBackdrop
FN:307,(anonymous_23)
FN:335,handleBackdropClick
FN:336,(anonymous_25)
FN:347,doBackdropShow
FN:364,(anonymous_27)
FN:378,BaseOverlay
FN:379,(anonymous_29)
FN:385,_class
FN:406,_closeChildOverlays
FN:424,_debounce
FN:427,(anonymous_33)
FN:438,_isTopOverlay
FN:449,_pushOverlay
FN:459,_popOverlay
FN:471,_showBackdrop
FN:499,_hideBackdrop
FN:518,_handleRootKeypress
FN:534,_handleTabCaptureFocus
FN:555,_handleFocus
FN:579,_handleReturnFocus
FN:605,_focusOn
FN:618,_getFocusableElements
FN:619,(anonymous_45)
FN:625,_getFocusableElement
FN:643,show
FN:654,hide
FN:667,returnFocusTo
FN:679,(anonymous_50)
FN:681,(anonymous_51)
FN:702,connectedCallback
FN:740,render
FN:749,disconnectedCallback
FN:795,get
FN:798,set
FN:840,get
FN:843,set
FN:854,get
FN:864,get
FN:876,get
FN:879,set
FN:895,get
FN:898,set
FN:917,get
FN:920,set
FN:964,(anonymous_67)
FN:988,(anonymous_68)
FN:992,openComplete
FN:994,(anonymous_70)
FN:1016,closeComplete
FN:1028,(anonymous_72)
FN:1052,get
FN:1062,get
FN:1072,get
FN:1082,get
FN:1092,get
FN:1102,get
FN:1107,get
FN:1118,get
FNF:81
FNH:76
FNDA:362,preventScroll
FNDA:274,cancelBackdropHide
FNDA:180,hideEverythingBut
FNDA:30,doRepositionBackdrop
FNDA:1416,pop
FNDA:738,push
FNDA:1574,indexOf
FNDA:158,get
FNDA:983,top
FNDA:738,getHighestZIndex
FNDA:144,some
FNDA:2,forEach
FNDA:176,createDocumentTabCaptureEls
FNDA:0,(anonymous_13)
FNDA:0,(anonymous_14)
FNDA:0,(anonymous_15)
FNDA:0,(anonymous_16)
FNDA:126,hideDocumentTabCaptureEls
FNDA:124,showEverything
FNDA:124,doBackdropHide
FNDA:124,(anonymous_20)
FNDA:4,(anonymous_21)
FNDA:678,hideOrRepositionBackdrop
FNDA:310,(anonymous_23)
FNDA:2,handleBackdropClick
FNDA:8,(anonymous_25)
FNDA:150,doBackdropShow
FNDA:150,(anonymous_27)
FNDA:8,BaseOverlay
FNDA:8,(anonymous_29)
FNDA:5304,_class
FNDA:333,_closeChildOverlays
FNDA:789,_debounce
FNDA:711,(anonymous_33)
FNDA:52,_isTopOverlay
FNDA:654,_pushOverlay
FNDA:678,_popOverlay
FNDA:158,_showBackdrop
FNDA:0,_hideBackdrop
FNDA:12,_handleRootKeypress
FNDA:12,_handleTabCaptureFocus
FNDA:426,_handleFocus
FNDA:369,_handleReturnFocus
FNDA:236,_focusOn
FNDA:236,_getFocusableElements
FNDA:1526,(anonymous_45)
FNDA:236,_getFocusableElement
FNDA:310,show
FNDA:120,hide
FNDA:5798,returnFocusTo
FNDA:19,(anonymous_50)
FNDA:19,(anonymous_51)
FNDA:4766,connectedCallback
FNDA:430,render
FNDA:5050,disconnectedCallback
FNDA:5362,get
FNDA:4774,set
FNDA:11213,get
FNDA:4811,set
FNDA:2,get
FNDA:2,get
FNDA:5128,get
FNDA:4766,set
FNDA:3400,get
FNDA:5646,set
FNDA:194239,get
FNDA:982,set
FNDA:980,(anonymous_67)
FNDA:586,(anonymous_68)
FNDA:586,openComplete
FNDA:378,(anonymous_70)
FNDA:394,closeComplete
FNDA:333,(anonymous_72)
FNDA:84,get
FNDA:3414,get
FNDA:11096,get
FNDA:102,get
FNDA:4934,get
FNDA:4982,get
FNDA:21602,get
FNDA:18,get
DA:23,2
DA:25,2
DA:32,2
DA:34,2
DA:36,2
DA:37,2
DA:43,362
DA:55,274
DA:64,180
DA:66,180
DA:67,72718
DA:69,72718
DA:70,72548
DA:72,72548
DA:75,71744
DA:77,71744
DA:79,22688
DA:83,804
DA:87,49860
DA:92,180
DA:101,30
DA:103,30
DA:105,30
DA:106,32
DA:107,30
DA:108,30
DA:113,30
DA:117,2
DA:120,1416
DA:122,1416
DA:123,762
DA:127,654
DA:129,654
DA:131,654
DA:135,738
DA:139,738
DA:141,738
DA:142,738
DA:144,738
DA:146,738
DA:151,10
DA:154,738
DA:160,1574
DA:161,12265
DA:162,804
DA:166,770
DA:170,158
DA:172,158
DA:175,983
DA:176,983
DA:179,738
DA:180,738
DA:183,144
DA:186,2
DA:194,176
DA:195,2
DA:196,2
DA:197,2
DA:198,2
DA:199,2
DA:200,2
DA:201,0
DA:203,0
DA:205,0
DA:206,0
DA:207,0
DA:208,0
DA:211,0
DA:215,2
DA:216,2
DA:217,2
DA:218,2
DA:219,2
DA:220,2
DA:221,0
DA:223,0
DA:224,0
DA:225,0
DA:228,0
DA:229,0
DA:234,174
DA:236,0
DA:239,174
DA:241,2
DA:246,176
DA:247,176
DA:255,126
DA:256,126
DA:257,126
DA:267,124
DA:269,124
DA:270,50096
DA:272,50096
DA:281,124
DA:283,124
DA:284,124
DA:285,124
DA:286,124
DA:287,4
DA:291,124
DA:293,124
DA:301,678
DA:303,534
DA:307,144
DA:309,310
DA:312,144
DA:314,124
DA:317,20
DA:322,144
DA:324,144
DA:325,126
DA:326,18
DA:327,18
DA:336,2
DA:337,8
DA:338,4
DA:348,150
DA:350,150
DA:351,2
DA:352,2
DA:353,2
DA:354,2
DA:359,150
DA:361,150
DA:363,150
DA:364,150
DA:367,150
DA:368,150
DA:370,150
DA:378,2
DA:379,8
DA:380,8
DA:382,8
DA:388,5304
DA:390,5304
DA:392,5304
DA:393,5304
DA:394,5304
DA:404,8
DA:407,333
DA:409,333
DA:410,59
DA:412,59
DA:413,0
DA:415,59
DA:416,0
DA:426,789
DA:427,789
DA:428,711
DA:439,52
DA:440,52
DA:450,654
DA:460,678
DA:462,678
DA:472,158
DA:475,158
DA:476,150
DA:477,150
DA:481,158
DA:484,158
DA:485,6
DA:488,158
DA:489,158
DA:500,0
DA:502,0
DA:503,0
DA:505,0
DA:509,0
DA:519,12
DA:521,2
DA:524,2
DA:536,12
DA:537,0
DA:538,0
DA:542,12
DA:543,12
DA:545,12
DA:557,426
DA:558,216
DA:559,210
DA:560,12
DA:561,198
DA:563,92
DA:565,92
DA:566,86
DA:569,6
DA:580,369
DA:581,134
DA:583,106
DA:587,28
DA:589,28
DA:591,28
DA:593,28
DA:606,236
DA:609,236
DA:610,46
DA:613,190
DA:619,236
DA:620,1526
DA:628,236
DA:629,236
DA:631,236
DA:634,236
DA:644,310
DA:645,310
DA:655,120
DA:656,120
DA:668,5798
DA:670,0
DA:674,5798
DA:676,52
DA:678,52
DA:679,52
DA:681,19
DA:683,19
DA:685,19
DA:686,12
DA:689,7
DA:690,7
DA:695,5798
DA:696,5798
DA:703,4766
DA:705,4766
DA:706,4572
DA:709,4766
DA:710,4466
DA:713,4766
DA:714,2246
DA:717,4766
DA:718,4766
DA:721,4766
DA:722,80
DA:724,80
DA:726,6
DA:732,4686
DA:733,4686
DA:741,430
DA:743,430
DA:750,5050
DA:752,5050
DA:755,302
DA:757,302
DA:759,64
DA:796,5362
DA:799,4774
DA:800,4774
DA:802,4774
DA:804,3344
DA:806,3026
DA:810,3344
DA:811,3344
DA:812,3344
DA:814,3344
DA:815,3344
DA:817,3344
DA:819,3344
DA:820,1430
DA:822,1430
DA:823,1430
DA:824,1430
DA:826,1430
DA:828,1430
DA:841,11213
DA:844,4811
DA:845,4811
DA:855,2
DA:865,2
DA:877,5128
DA:880,4766
DA:881,4766
DA:896,3400
DA:899,5646
DA:900,5646
DA:918,194239
DA:921,982
DA:923,982
DA:924,982
DA:926,982
DA:927,982
DA:929,982
DA:930,980
DA:932,980
DA:937,980
DA:938,586
DA:940,394
DA:945,980
DA:947,950
DA:949,574
DA:951,574
DA:952,418
DA:959,376
DA:964,980
DA:966,980
DA:968,980
DA:969,586
DA:971,490
DA:974,112
DA:976,112
DA:978,112
DA:983,586
DA:986,586
DA:988,586
DA:989,586
DA:992,586
DA:993,586
DA:994,420
DA:996,378
DA:998,378
DA:1000,378
DA:1005,586
DA:1007,470
DA:1010,116
DA:1014,394
DA:1016,394
DA:1017,394
DA:1021,369
DA:1023,369
DA:1026,369
DA:1028,369
DA:1030,333
DA:1032,333
DA:1034,333
DA:1039,394
DA:1041,316
DA:1044,78
DA:1053,84
DA:1063,3414
DA:1073,11096
DA:1083,102
DA:1093,4934
DA:1103,4982
DA:1108,21602
DA:1119,18
DA:1123,8
LF:334
LH:310
BRDA:69,0,0,72548
BRDA:69,0,1,170
BRDA:69,1,0,72718
BRDA:69,1,1,72716
BRDA:69,1,2,72716
BRDA:72,2,0,71744
BRDA:72,2,1,804
BRDA:75,3,0,71744
BRDA:75,3,1,4
BRDA:77,4,0,22688
BRDA:77,4,1,49056
BRDA:103,5,0,30
BRDA:103,5,1,0
BRDA:106,6,0,30
BRDA:106,6,1,2
BRDA:122,7,0,762
BRDA:122,7,1,654
BRDA:135,8,0,738
BRDA:135,8,1,674
BRDA:146,9,0,10
BRDA:146,9,1,728
BRDA:161,10,0,804
BRDA:161,10,1,11461
BRDA:172,11,0,8
BRDA:172,11,1,150
BRDA:176,12,0,2
BRDA:176,12,1,981
BRDA:180,13,0,736
BRDA:180,13,1,2
BRDA:194,14,0,2
BRDA:194,14,1,174
BRDA:203,15,0,0
BRDA:203,15,1,0
BRDA:203,16,0,0
BRDA:203,16,1,0
BRDA:206,17,0,0
BRDA:206,17,1,0
BRDA:206,18,0,0
BRDA:206,18,1,0
BRDA:223,19,0,0
BRDA:223,19,1,0
BRDA:223,20,0,0
BRDA:223,20,1,0
BRDA:225,21,0,0
BRDA:225,21,1,0
BRDA:228,22,0,0
BRDA:228,22,1,0
BRDA:234,23,0,0
BRDA:234,23,1,174
BRDA:239,24,0,2
BRDA:239,24,1,172
BRDA:255,25,0,126
BRDA:255,25,1,0
BRDA:272,26,0,50096
BRDA:272,26,1,86
BRDA:301,27,0,534
BRDA:301,27,1,144
BRDA:301,28,0,678
BRDA:301,28,1,678
BRDA:312,29,0,124
BRDA:312,29,1,20
BRDA:324,30,0,126
BRDA:324,30,1,18
BRDA:324,31,0,144
BRDA:324,31,1,144
BRDA:324,32,0,144
BRDA:324,32,1,22
BRDA:326,33,0,18
BRDA:326,33,1,0
BRDA:326,34,0,18
BRDA:326,34,1,18
BRDA:326,34,2,18
BRDA:337,35,0,4
BRDA:337,35,1,4
BRDA:350,36,0,2
BRDA:350,36,1,148
BRDA:412,37,0,0
BRDA:412,37,1,59
BRDA:415,38,0,0
BRDA:415,38,1,59
BRDA:415,39,0,59
BRDA:415,39,1,59
BRDA:415,39,2,24
BRDA:440,40,0,52
BRDA:440,40,1,52
BRDA:475,41,0,150
BRDA:475,41,1,8
BRDA:484,42,0,6
BRDA:484,42,1,152
BRDA:488,43,0,158
BRDA:488,43,1,0
BRDA:502,44,0,0
BRDA:502,44,1,0
BRDA:519,45,0,2
BRDA:519,45,1,10
BRDA:519,46,0,12
BRDA:519,46,1,2
BRDA:536,47,0,0
BRDA:536,47,1,12
BRDA:543,48,0,4
BRDA:543,48,1,8
BRDA:557,49,0,216
BRDA:557,49,1,210
BRDA:559,50,0,12
BRDA:559,50,1,198
BRDA:561,51,0,92
BRDA:561,51,1,106
BRDA:561,52,0,198
BRDA:561,52,1,198
BRDA:565,53,0,86
BRDA:565,53,1,6
BRDA:580,54,0,134
BRDA:580,54,1,235
BRDA:580,55,0,369
BRDA:580,55,1,242
BRDA:581,56,0,106
BRDA:581,56,1,28
BRDA:581,57,0,134
BRDA:581,57,1,134
BRDA:609,58,0,46
BRDA:609,58,1,190
BRDA:620,59,0,1526
BRDA:620,59,1,494
BRDA:628,60,0,236
BRDA:628,60,1,0
BRDA:628,61,0,236
BRDA:628,61,1,8
BRDA:631,62,0,228
BRDA:631,62,1,8
BRDA:668,63,0,0
BRDA:668,63,1,5798
BRDA:674,64,0,52
BRDA:674,64,1,5746
BRDA:685,65,0,12
BRDA:685,65,1,7
BRDA:685,66,0,19
BRDA:685,66,1,19
BRDA:705,67,0,4572
BRDA:705,67,1,194
BRDA:709,68,0,4466
BRDA:709,68,1,300
BRDA:713,69,0,2246
BRDA:713,69,1,2520
BRDA:717,70,0,4766
BRDA:717,70,1,0
BRDA:721,71,0,80
BRDA:721,71,1,4686
BRDA:724,72,0,6
BRDA:724,72,1,74
BRDA:752,73,0,302
BRDA:752,73,1,4748
BRDA:757,74,0,64
BRDA:757,74,1,238
BRDA:796,75,0,5362
BRDA:796,75,1,1396
BRDA:800,76,0,4774
BRDA:800,76,1,4774
BRDA:800,76,2,0
BRDA:802,77,0,3344
BRDA:802,77,1,1430
BRDA:804,78,0,3026
BRDA:804,78,1,318
BRDA:820,79,0,1430
BRDA:820,79,1,0
BRDA:822,80,0,1430
BRDA:822,80,1,1330
BRDA:823,81,0,1430
BRDA:823,81,1,1330
BRDA:824,82,0,1430
BRDA:824,82,1,1330
BRDA:841,83,0,11213
BRDA:841,83,1,1310
BRDA:845,84,0,4811
BRDA:845,84,1,4811
BRDA:845,84,2,0
BRDA:877,85,0,5128
BRDA:877,85,1,4386
BRDA:881,86,0,4766
BRDA:881,86,1,4766
BRDA:881,86,2,0
BRDA:896,87,0,3400
BRDA:896,87,1,322
BRDA:899,88,0,5646
BRDA:899,88,1,0
BRDA:899,89,0,5646
BRDA:899,89,1,534
BRDA:918,90,0,194239
BRDA:918,90,1,189736
BRDA:927,91,0,588
BRDA:927,91,1,394
BRDA:929,92,0,980
BRDA:929,92,1,2
BRDA:937,93,0,586
BRDA:937,93,1,394
BRDA:945,94,0,950
BRDA:945,94,1,30
BRDA:947,95,0,574
BRDA:947,95,1,376
BRDA:951,96,0,418
BRDA:951,96,1,156
BRDA:953,97,0,418
BRDA:953,97,1,390
BRDA:953,97,2,166
BRDA:955,98,0,161
BRDA:955,98,1,5
BRDA:968,99,0,586
BRDA:968,99,1,394
BRDA:969,100,0,490
BRDA:969,100,1,96
BRDA:971,101,0,112
BRDA:971,101,1,378
BRDA:972,102,0,490
BRDA:972,102,1,470
BRDA:972,102,2,378
BRDA:993,103,0,420
BRDA:993,103,1,166
BRDA:1005,104,0,470
BRDA:1005,104,1,116
BRDA:1017,105,0,369
BRDA:1017,105,1,25
BRDA:1039,106,0,316
BRDA:1039,106,1,78
BRF:222
BRH:188
end_of_record
TN:
SF:/home/runner/work/coral-spectrum/coral-spectrum/coral-base-overlay/src/scripts/enums.js
FNF:0
FNH:0
DA:23,2
DA:38,2
DA:53,2
DA:68,2
DA:79,2
LF:5
LH:5
BRF:0
BRH:0
end_of_record
TN:
SF:/home/runner/work/coral-spectrum/coral-spectrum/coral-collection/src/scripts/Collection.js
FN:39,getTagSelector
FN:57,filterItem
FN:65,(anonymous_2)
FN:96,Collection
FN:159,add
FN:193,clear
FN:210,getAll
FN:237,remove
FN:255,first
FN:266,last
FN:282,_isPartOfCollection
FN:297,_onItemAttached
FN:318,_onItemDetached
FN:341,_startHandlingItems
FN:391,_stopHandlingItems
FN:407,_handleMutation
FN:508,get
FNF:17
FNH:17
FNDA:10068,getTagSelector
FNDA:173352,filterItem
FNDA:2,(anonymous_2)
FNDA:12509,Collection
FNDA:3138,add
FNDA:675,clear
FNDA:43850,getAll
FNDA:819,remove
FNDA:904,first
FNDA:810,last
FNDA:234333,_isPartOfCollection
FNDA:11294,_onItemAttached
FNDA:3096,_onItemDetached
FNDA:9432,_startHandlingItems
FNDA:4,_stopHandlingItems
FNDA:10493,_handleMutation
FNDA:8511,get
DA:22,2
DA:29,2
DA:36,2
DA:40,10068
DA:58,173352
DA:65,2
DA:97,12509
DA:99,12509
DA:101,12509
DA:102,12509
DA:103,12509
DA:104,12509
DA:105,12509
DA:107,12509
DA:108,12509
DA:110,12509
DA:112,12509
DA:113,1764
DA:116,1764
DA:118,1764
DA:120,1764
DA:121,1400
DA:125,10745
DA:127,10745
DA:128,8948
DA:129,8948
DA:133,12509
DA:134,12509
DA:135,12509
DA:144,2
DA:161,3138
DA:162,3136
DA:164,1112
DA:165,176
DA:169,936
DA:174,3136
DA:177,3136
DA:178,12
DA:181,3136
DA:184,2
DA:194,675
DA:195,675
DA:197,675
DA:198,743
DA:201,675
DA:212,43850
DA:213,43844
DA:217,43844
DA:218,2034
DA:221,43844
DA:224,6
DA:238,819
DA:239,813
DA:241,813
DA:242,50
DA:246,819
DA:257,904
DA:268,810
DA:269,808
DA:284,234333
DA:299,11294
DA:300,11120
DA:304,11294
DA:320,3096
DA:321,2826
DA:325,3096
DA:342,9432
DA:345,9430
DA:348,9430
DA:350,9430
DA:358,9430
DA:362,2384
DA:364,2384
DA:365,2380
DA:366,2380
DA:369,2384
DA:370,2378
DA:371,2360
DA:376,2384
DA:377,644
DA:381,2
DA:392,4
DA:393,2
DA:409,10493
DA:415,10493
DA:416,10493
DA:418,10493
DA:420,10493
DA:421,185442
DA:422,185442
DA:423,185442
DA:425,185442
DA:426,167327
DA:428,167327
DA:429,11294
DA:430,11294
DA:432,11294
DA:436,185442
DA:437,185442
DA:439,185442
DA:440,67006
DA:442,67006
DA:443,3096
DA:444,3096
DA:446,3096
DA:453,10493
DA:454,1390
DA:509,8511
DA:513,2
LF:109
LH:109
BRDA:40,0,0,1180
BRDA:40,0,1,8888
BRDA:58,1,0,173352
BRDA:58,1,1,604
BRDA:99,2,0,12509
BRDA:99,2,1,116
BRDA:105,3,0,12509
BRDA:105,3,1,10068
BRDA:107,4,0,12509
BRDA:107,4,1,10729
BRDA:112,5,0,1764
BRDA:112,5,1,10745
BRDA:112,6,0,12509
BRDA:112,6,1,12393
BRDA:113,7,0,1764
BRDA:113,7,1,634
BRDA:120,8,0,1400
BRDA:120,8,1,364
BRDA:127,9,0,8948
BRDA:127,9,1,1797
BRDA:127,10,0,10745
BRDA:127,10,1,10629
BRDA:161,11,0,3136
BRDA:161,11,1,2
BRDA:161,12,0,3138
BRDA:161,12,1,3136
BRDA:162,13,0,1112
BRDA:162,13,1,2024
BRDA:164,14,0,176
BRDA:164,14,1,936
BRDA:174,15,0,3136
BRDA:174,15,1,3082
BRDA:177,16,0,12
BRDA:177,16,1,3124
BRDA:177,17,0,3136
BRDA:177,17,1,1492
BRDA:177,17,2,16
BRDA:177,17,3,14
BRDA:212,18,0,43844
BRDA:212,18,1,6
BRDA:212,19,0,43850
BRDA:212,19,1,43844
BRDA:213,20,0,35640
BRDA:213,20,1,8204
BRDA:217,21,0,2034
BRDA:217,21,1,41810
BRDA:238,22,0,813
BRDA:238,22,1,6
BRDA:241,23,0,50
BRDA:241,23,1,763
BRDA:241,24,0,813
BRDA:241,24,1,407
BRDA:241,24,2,54
BRDA:241,24,3,52
BRDA:257,25,0,904
BRDA:257,25,1,57
BRDA:269,26,0,808
BRDA:269,26,1,64
BRDA:284,27,0,234333
BRDA:284,27,1,173286
BRDA:284,27,2,172912
BRDA:285,28,0,156517
BRDA:285,28,1,16395
BRDA:299,29,0,11120
BRDA:299,29,1,174
BRDA:320,30,0,2826
BRDA:320,30,1,270
BRDA:342,31,0,9430
BRDA:342,31,1,2
BRDA:342,32,0,9432
BRDA:342,32,1,9430
BRDA:345,33,0,9430
BRDA:345,33,1,9190
BRDA:358,34,0,2384
BRDA:358,34,1,7046
BRDA:364,35,0,2380
BRDA:364,35,1,4
BRDA:364,36,0,2384
BRDA:364,36,1,6
BRDA:369,37,0,2378
BRDA:369,37,1,6
BRDA:376,38,0,644
BRDA:376,38,1,1740
BRDA:376,39,0,2384
BRDA:376,39,1,648
BRDA:392,40,0,2
BRDA:392,40,1,2
BRDA:428,41,0,11294
BRDA:428,41,1,156033
BRDA:442,42,0,3096
BRDA:442,42,1,63910
BRDA:453,43,0,1390
BRDA:453,43,1,9103
BRDA:453,44,0,10493
BRDA:453,44,1,4491
BRDA:453,44,2,1390
BRF:96
BRH:96
end_of_record
TN:
SF:/home/runner/work/coral-spectrum/coral-spectrum/coral-collection/src/scripts/SelectableCollection.js
FN:25,(anonymous_0)
FN:30,SelectableCollection
FN:42,(anonymous_2)
FN:45,(anonymous_3)
FN:63,_getSelectableItems
FN:77,_getFirstSelectable
FN:91,_getLastSelectable
FN:107,_getPreviousSelectable
FN:135,_getNextSelectable
FN:162,_getFirstSelected
FN:182,_getLastSelected
FN:204,_getAllSelected
FN:224,_deselectAllExceptFirst
FN:252,_deselectAllExceptLast
FN:286,_deselectAllExcept
FNF:15
FNH:15
FNDA:2,(anonymous_0)
FNDA:8183,SelectableCollection
FNDA:8553,(anonymous_2)
FNDA:8553,(anonymous_3)
FNDA:19655,_getSelectableItems
FNDA:1965,_getFirstSelectable
FNDA:20,_getLastSelectable
FNDA:28,_getPreviousSelectable
FNDA:52,_getNextSelectable
FNDA:5405,_getFirstSelected
FNDA:23712,_getLastSelected
FNDA:48617,_getAllSelected
FNDA:620,_deselectAllExceptFirst
FNDA:2244,_deselectAllExceptLast
FNDA:1750,_deselectAllExcept
DA:25,2
DA:26,2
DA:28,2
DA:33,8183
DA:35,8183
DA:37,8183
DA:38,2
DA:42,8183
DA:43,8553
DA:45,8183
DA:46,8553
DA:48,8183
DA:49,8183
DA:61,2
DA:64,19655
DA:78,1965
DA:92,20
DA:94,20
DA:108,28
DA:109,28
DA:110,28
DA:112,28
DA:113,28
DA:114,26
DA:116,2
DA:117,2
DA:122,28
DA:136,52
DA:137,52
DA:138,52
DA:140,52
DA:141,44
DA:142,42
DA:144,2
DA:145,2
DA:149,52
DA:163,5405
DA:165,5405
DA:166,6
DA:169,5405
DA:183,23712
DA:185,23712
DA:186,2
DA:190,23712
DA:192,23712
DA:205,48617
DA:207,48617
DA:208,3801
DA:211,48617
DA:225,620
DA:226,620
DA:228,620
DA:229,614
DA:233,620
DA:235,620
DA:237,620
DA:239,8
DA:253,2244
DA:254,2244
DA:256,2244
DA:257,2
DA:261,2244
DA:264,2244
DA:266,2244
DA:268,18
DA:288,1750
DA:292,1750
DA:293,4
DA:294,4
DA:295,4
DA:297,1746
DA:298,1746
DA:300,1746
DA:301,166
DA:306,1750
DA:308,1750
DA:310,1750
DA:312,1530
DA:313,228
DA:319,2
LF:80
LH:80
BRDA:37,0,0,2
BRDA:37,0,1,8181
BRDA:78,1,0,1965
BRDA:78,1,1,620
BRDA:94,2,0,20
BRDA:94,2,1,2
BRDA:110,3,0,26
BRDA:110,3,1,2
BRDA:113,4,0,26
BRDA:113,4,1,2
BRDA:117,5,0,2
BRDA:117,5,1,0
BRDA:122,6,0,28
BRDA:122,6,1,2
BRDA:122,7,0,2
BRDA:122,7,1,0
BRDA:138,8,0,42
BRDA:138,8,1,10
BRDA:141,9,0,42
BRDA:141,9,1,2
BRDA:145,10,0,2
BRDA:145,10,1,0
BRDA:149,11,0,52
BRDA:149,11,1,10
BRDA:165,12,0,6
BRDA:165,12,1,5399
BRDA:169,13,0,5405
BRDA:169,13,1,2764
BRDA:185,14,0,2
BRDA:185,14,1,23710
BRDA:192,15,0,23712
BRDA:192,15,1,5282
BRDA:207,16,0,3801
BRDA:207,16,1,44816
BRDA:226,17,0,620
BRDA:226,17,1,6
BRDA:228,18,0,614
BRDA:228,18,1,6
BRDA:254,19,0,2244
BRDA:254,19,1,2242
BRDA:256,20,0,2
BRDA:256,20,1,2242
BRDA:292,21,0,4
BRDA:292,21,1,1746
BRDA:294,22,0,4
BRDA:294,22,1,2
BRDA:298,23,0,1746
BRDA:298,23,1,1582
BRDA:300,24,0,166
BRDA:300,24,1,1580
BRDA:312,25,0,228
BRDA:312,25,1,1302
BRF:52
BRH:49
end_of_record
TN:
SF:/home/runner/work/coral-spectrum/coral-spectrum/coral-collection/src/scripts/listToArray.js
FN:14,listToArray
FNF:1
FNH:1
FNDA:112116,listToArray
DA:15,112116
DA:17,112116
DA:18,207540
DA:21,112116
LF:4
LH:4
BRF:0
BRH:0
end_of_record
TN:
SF:/home/runner/work/coral-spectrum/coral-spectrum/coral-compat/src/scripts/CustomElements.js
FN:14,f
FN:24,(anonymous_1)
FNF:2
FNH:0
FNDA:0,f
FNDA:0,(anonymous_1)
DA:14,2
DA:17,2
DA:18,2
DA:21,2
DA:22,2
DA:24,2
DA:25,0
DA:28,2
DA:29,2
DA:30,2
DA:31,2
DA:32,2
DA:33,2
DA:34,2
LF:14
LH:13
BRDA:17,0,0,2
BRDA:17,0,1,0
BRF:2
BRH:1
end_of_record
TN:
SF:/home/runner/work/coral-spectrum/coral-spectrum/coral-compat/src/scripts/document.createElement-patch.js
FN:15,createElement
FNF:1
FNH:1
FNDA:330332,createElement
DA:13,2
DA:15,2
DA:16,330332
DA:17,15332
DA:22,330332
LF:5
LH:5
BRDA:16,0,0,15332
BRDA:16,0,1,315000
BRF:2
BRH:2
end_of_record
TN:
SF:/home/runner/work/coral-spectrum/coral-spectrum/coral-component-accordion/src/scripts/Accordion.js
FN:56,(anonymous_0)
FN:62,_class
FN:106,_onHomeKey
FN:116,_onEndKey
FN:132,_onItemContentKeyDown
FN:187,_focusPreviousItem
FN:197,_focusNextItem
FN:207,_onItemClick
FN:229,_onToggleItemKey
FN:242,_onItemSelectedChanged
FN:251,_validateSelection
FN:261,(anonymous_11)
FN:286,_triggerChangeEvent
FN:312,_arraysAreDifferent
FN:316,(anonymous_14)
FN:333,_resetTabTarget
FN:338,(anonymous_16)
FN:351,_toggleItemSelection
FN:360,_focusItem
FN:376,render
FN:397,(anonymous_20)
FN:412,get
FN:415,set
FN:429,get
FN:454,get
FN:457,set
FN:472,get
FN:484,get
FN:497,get
FN:500,set
FN:510,(anonymous_30)
FN:519,get
FN:522,set
FN:525,(anonymous_33)
FN:531,get
FN:538,get
FNF:36
FNH:29
FNDA:2,(anonymous_0)
FNDA:200,_class
FNDA:0,_onHomeKey
FNDA:0,_onEndKey
FNDA:0,_onItemContentKeyDown
FNDA:0,_focusPreviousItem
FNDA:0,_focusNextItem
FNDA:28,_onItemClick
FNDA:0,_onToggleItemKey
FNDA:750,_onItemSelectedChanged
FNDA:944,_validateSelection
FNDA:48,(anonymous_11)
FNDA:944,_triggerChangeEvent
FNDA:738,_arraysAreDifferent
FNDA:296,(anonymous_14)
FNDA:944,_resetTabTarget
FNDA:182,(anonymous_16)
FNDA:18,_toggleItemSelection
FNDA:18,_focusItem
FNDA:182,render
FNDA:182,(anonymous_20)
FNDA:8,get
FNDA:188,set
FNDA:2888,get
FNDA:1044,get
FNDA:8,set
FNDA:2078,get
FNDA:18,get
FNDA:1612,get
FNDA:2,set
FNDA:6,(anonymous_30)
FNDA:0,get
FNDA:200,set
FNDA:804,(anonymous_33)
FNDA:18,get
FNDA:2,get
DA:24,2
DA:25,2
DA:26,2
DA:27,2
DA:41,2
DA:47,2
DA:56,2
DA:57,2
DA:59,2
DA:65,200
DA:67,200
DA:69,200
DA:87,200
DA:89,200
DA:91,200
DA:102,2
DA:107,0
DA:108,0
DA:110,0
DA:117,0
DA:118,0
DA:120,0
DA:134,0
DA:135,0
DA:137,0
DA:141,0
DA:142,0
DA:143,0
DA:145,0
DA:148,0
DA:153,0
DA:154,0
DA:155,0
DA:157,0
DA:159,0
DA:161,0
DA:164,0
DA:169,0
DA:170,0
DA:171,0
DA:173,0
DA:175,0
DA:177,0
DA:180,0
DA:188,0
DA:189,0
DA:191,0
DA:198,0
DA:199,0
DA:201,0
DA:209,28
DA:210,10
DA:214,18
DA:216,18
DA:217,18
DA:218,18
DA:220,18
DA:222,18
DA:230,0
DA:231,0
DA:232,0
DA:234,0
DA:236,0
DA:243,750
DA:245,750
DA:252,944
DA:254,944
DA:256,944
DA:258,928
DA:260,928
DA:261,24
DA:262,48
DA:264,24
DA:265,24
DA:269,24
DA:274,944
DA:275,806
DA:278,944
DA:280,944
DA:287,944
DA:288,944
DA:290,944
DA:292,96
DA:293,10
DA:299,86
DA:305,96
DA:313,738
DA:315,738
DA:316,664
DA:317,296
DA:322,738
DA:334,944
DA:336,944
DA:337,182
DA:338,182
DA:339,182
DA:341,182
DA:343,182
DA:352,18
DA:353,18
DA:361,18
DA:362,18
DA:365,18
DA:377,182
DA:379,182
DA:381,182
DA:383,182
DA:384,88
DA:388,182
DA:390,182
DA:392,182
DA:394,182
DA:395,182
DA:397,182
DA:398,182
DA:413,8
DA:416,188
DA:417,188
DA:419,188
DA:431,2888
DA:432,200
DA:442,2888
DA:455,1044
DA:458,8
DA:460,8
DA:462,8
DA:473,2078
DA:485,18
DA:498,1612
DA:501,2
DA:503,2
DA:505,2
DA:506,2
DA:508,2
DA:510,2
DA:511,6
DA:520,0
DA:523,200
DA:525,200
DA:526,804
DA:532,18
DA:539,2
DA:543,2
LF:143
LH:103
BRDA:137,0,0,0
BRDA:137,0,1,0
BRDA:137,0,2,0
BRDA:137,0,3,0
BRDA:141,1,0,0
BRDA:141,1,1,0
BRDA:141,2,0,0
BRDA:141,2,1,0
BRDA:141,2,2,0
BRDA:153,3,0,0
BRDA:153,3,1,0
BRDA:153,4,0,0
BRDA:153,4,1,0
BRDA:169,5,0,0
BRDA:169,5,1,0
BRDA:169,6,0,0
BRDA:169,6,1,0
BRDA:209,7,0,10
BRDA:209,7,1,18
BRDA:209,8,0,28
BRDA:209,8,1,20
BRDA:216,9,0,18
BRDA:216,9,1,0
BRDA:256,10,0,928
BRDA:256,10,1,16
BRDA:258,11,0,928
BRDA:258,11,1,184
BRDA:260,12,0,24
BRDA:260,12,1,904
BRDA:260,13,0,928
BRDA:260,13,1,796
BRDA:260,13,2,132
BRDA:262,14,0,24
BRDA:262,14,1,24
BRDA:274,15,0,806
BRDA:274,15,1,138
BRDA:274,16,0,944
BRDA:274,16,1,806
BRDA:290,17,0,96
BRDA:290,17,1,848
BRDA:290,18,0,944
BRDA:290,18,1,738
BRDA:292,19,0,10
BRDA:292,19,1,86
BRDA:300,20,0,2
BRDA:300,20,1,84
BRDA:300,21,0,84
BRDA:300,21,1,58
BRDA:301,22,0,86
BRDA:301,22,1,4
BRDA:315,23,0,664
BRDA:315,23,1,74
BRDA:322,24,0,738
BRDA:322,24,1,664
BRDA:336,25,0,182
BRDA:336,25,1,762
BRDA:343,26,0,56
BRDA:343,26,1,126
BRDA:352,27,0,18
BRDA:352,27,1,0
BRDA:353,28,0,2
BRDA:353,28,1,16
BRDA:361,29,0,18
BRDA:361,29,1,0
BRDA:383,30,0,88
BRDA:383,30,1,94
BRDA:413,31,0,8
BRDA:413,31,1,2
BRDA:417,32,0,188
BRDA:417,32,1,188
BRDA:417,32,2,0
BRDA:431,33,0,200
BRDA:431,33,1,2688
BRDA:455,34,0,1044
BRDA:455,34,1,1018
BRDA:498,35,0,1612
BRDA:498,35,1,1612
BRDA:505,36,0,2
BRDA:505,36,1,0
BRDA:505,37,0,2
BRDA:505,37,1,2
BRDA:505,37,2,2
BRDA:520,38,0,0
BRDA:520,38,1,0
BRF:84
BRH:60
end_of_record
TN:
SF:/home/runner/work/coral-spectrum/coral-spectrum/coral-component-accordion/src/scripts/AccordionItem.js
FN:33,(anonymous_0)
FN:39,_class
FN:65,_setAria
FN:78,focus
FN:85,render
FN:114,get
FN:117,set
FN:121,insert
FN:136,get
FN:139,set
FN:143,insert
FN:165,get
FN:168,set
FN:200,(anonymous_13)
FN:217,get
FN:220,set
FN:241,get
FN:244,set
FN:274,get
FN:277,set
FN:288,get
FN:298,get
FNF:22
FNH:19
FNDA:2,(anonymous_0)
FNDA:700,_class
FNDA:1364,_setAria
FNDA:0,focus
FNDA:682,render
FNDA:2,get
FNDA:682,set
FNDA:682,insert
FNDA:2,get
FNDA:682,set
FNDA:682,insert
FNDA:686,get
FNDA:802,set
FNDA:90,(anonymous_13)
FNDA:2066,get
FNDA:2,set
FNDA:0,get
FNDA:1082,set
FNDA:0,get
FNDA:804,set
FNDA:8836,get
FNDA:2,get
DA:24,2
DA:33,2
DA:34,2
DA:36,2
DA:42,700
DA:44,700
DA:46,700
DA:51,700
DA:54,700
DA:63,2
DA:66,1364
DA:67,1364
DA:68,1364
DA:69,1364
DA:79,0
DA:86,682
DA:88,682
DA:90,682
DA:92,682
DA:94,682
DA:95,230
DA:99,682
DA:100,304
DA:101,1130
DA:105,682
DA:107,682
DA:108,682
DA:110,682
DA:115,2
DA:118,682
DA:122,682
DA:124,682
DA:137,2
DA:140,682
DA:144,682
DA:146,682
DA:148,682
DA:150,682
DA:166,686
DA:169,802
DA:171,802
DA:173,802
DA:175,802
DA:176,52
DA:179,750
DA:181,750
DA:184,750
DA:185,750
DA:187,750
DA:189,750
DA:190,660
DA:194,660
DA:197,750
DA:199,750
DA:200,90
DA:201,90
DA:205,750
DA:218,2066
DA:221,2
DA:223,2
DA:225,2
DA:227,2
DA:229,2
DA:242,0
DA:245,1082
DA:247,1082
DA:248,394
DA:252,688
DA:254,688
DA:256,688
DA:259,688
DA:261,6
DA:263,6
DA:268,682
DA:275,0
DA:278,804
DA:280,804
DA:281,2
DA:283,802
DA:289,8836
DA:299,2
DA:303,2
LF:82
LH:79
BRDA:48,0,0,700
BRDA:48,0,1,20
BRDA:49,1,0,700
BRDA:49,1,1,322
BRDA:66,2,0,1364
BRDA:66,2,1,682
BRDA:67,3,0,1364
BRDA:67,3,1,452
BRDA:94,4,0,230
BRDA:94,4,1,452
BRDA:99,5,0,304
BRDA:99,5,1,378
BRDA:166,6,0,686
BRDA:166,6,1,636
BRDA:173,7,0,2
BRDA:173,7,1,800
BRDA:175,8,0,52
BRDA:175,8,1,750
BRDA:189,9,0,660
BRDA:189,9,1,90
BRDA:197,10,0,90
BRDA:197,10,1,660
BRDA:199,11,0,90
BRDA:199,11,1,660
BRDA:218,12,0,2066
BRDA:218,12,1,1944
BRDA:227,13,0,2
BRDA:227,13,1,0
BRDA:242,14,0,0
BRDA:242,14,1,0
BRDA:247,15,0,394
BRDA:247,15,1,688
BRDA:252,16,0,688
BRDA:252,16,1,0
BRDA:259,17,0,6
BRDA:259,17,1,682
BRDA:275,18,0,0
BRDA:275,18,1,0
BRDA:280,19,0,2
BRDA:280,19,1,802
BRDA:283,20,0,188
BRDA:283,20,1,614
BRF:42
BRH:36
end_of_record
TN:
SF:/home/runner/work/coral-spectrum/coral-spectrum/coral-component-accordion/src/scripts/AccordionItemContent.js
FN:19,(anonymous_0)
FNF:1
FNH:0
FNDA:0,(anonymous_0)
DA:20,0
LF:1
LH:0
BRF:0
BRH:0
end_of_record
TN:
SF:/home/runner/work/coral-spectrum/coral-spectrum/coral-component-accordion/src/scripts/AccordionItemLabel.js
FN:19,(anonymous_0)
FNF:1
FNH:0
FNDA:0,(anonymous_0)
DA:20,0
LF:1
LH:0
BRF:0
BRH:0
end_of_record
TN:
SF:/home/runner/work/coral-spectrum/coral-spectrum/coral-component-actionbar/src/scripts/ActionBar.js
FN:35,(anonymous_0)
FN:41,_class
FN:85,_recalculateLayoutOnMutation
FN:91,(anonymous_3)
FN:106,_onFocusPreviousItem
FN:120,_onFocusNextItem
FN:134,_onResizeWindow
FN:150,_onLayout
FN:340,_getNextSelectableWrappedItem
FN:368,_getPreviousSelectableWrappedItem
FN:395,_getAllSelectableItems
FN:433,_newWidthCache
FN:437,getOuterWidth
FN:459,_forceWebkitRedraw
FN:473,_hideItem
FN:488,_moveToScreen
FN:503,_toggleItemTabbable
FN:516,_debounceOnLayout
FN:529,(anonymous_18)
FN:537,_moveDirectItemChildren
FN:538,(anonymous_20)
FN:543,(anonymous_21)
FN:553,render
FN:636,get
FN:639,set
FN:643,insert
FN:657,get
FN:660,set
FN:664,insert
FN:671,get
FNF:30
FNH:29
FNDA:2,(anonymous_0)
FNDA:116,_class
FNDA:116,_recalculateLayoutOnMutation
FNDA:713,(anonymous_3)
FNDA:4,_onFocusPreviousItem
FNDA:6,_onFocusNextItem
FNDA:0,_onResizeWindow
FNDA:291,_onLayout
FNDA:6,_getNextSelectableWrappedItem
FNDA:4,_getPreviousSelectableWrappedItem
FNDA:10,_getAllSelectableItems
FNDA:259,_newWidthCache
FNDA:621,getOuterWidth
FNDA:773,_forceWebkitRedraw
FNDA:1504,_hideItem
FNDA:788,_moveToScreen
FNDA:2337,_toggleItemTabbable
FNDA:914,_debounceOnLayout
FNDA:175,(anonymous_18)
FNDA:116,_moveDirectItemChildren
FNDA:118,(anonymous_20)
FNDA:12,(anonymous_21)
FNDA:116,render
FNDA:3544,get
FNDA:116,set
FNDA:116,insert
FNDA:3869,get
FNDA:116,set
FNDA:116,insert
FNDA:20147,get
DA:25,2
DA:35,2
DA:36,2
DA:38,2
DA:44,116
DA:46,116
DA:48,116
DA:57,116
DA:63,116
DA:65,116
DA:67,116
DA:68,116
DA:70,116
DA:72,116
DA:81,2
DA:86,116
DA:91,116
DA:92,713
DA:95,116
DA:108,4
DA:110,4
DA:112,4
DA:113,2
DA:122,6
DA:124,6
DA:126,6
DA:127,4
DA:137,0
DA:139,0
DA:140,0
DA:144,0
DA:151,291
DA:153,0
DA:156,291
DA:158,32
DA:161,259
DA:162,259
DA:163,259
DA:164,259
DA:165,259
DA:166,259
DA:167,259
DA:169,259
DA:171,259
DA:172,259
DA:174,259
DA:175,259
DA:176,259
DA:177,259
DA:178,259
DA:179,259
DA:180,259
DA:181,259
DA:182,259
DA:183,259
DA:184,259
DA:185,259
DA:187,259
DA:188,1091
DA:189,1091
DA:191,1091
DA:193,1091
DA:194,541
DA:197,16
DA:201,525
DA:203,206
DA:205,206
DA:207,132
DA:208,74
DA:210,0
DA:214,525
DA:215,132
DA:216,132
DA:218,132
DA:220,393
DA:222,393
DA:225,525
DA:227,14
DA:228,14
DA:234,1091
DA:236,1091
DA:237,945
DA:240,4
DA:244,941
DA:246,163
DA:248,163
DA:250,118
DA:251,45
DA:253,0
DA:257,941
DA:258,118
DA:259,118
DA:261,118
DA:263,823
DA:265,823
DA:268,941
DA:270,8
DA:271,8
DA:278,259
DA:280,259
DA:282,259
DA:283,1486
DA:287,259
DA:288,138
DA:290,138
DA:291,20
DA:293,118
DA:295,118
DA:298,121
DA:300,121
DA:302,121
DA:306,259
DA:307,92
DA:309,92
DA:310,6
DA:312,86
DA:314,86
DA:317,167
DA:319,167
DA:321,167
DA:323,167
DA:324,8
DA:329,259
DA:330,116
DA:331,116
DA:332,116
DA:333,116
DA:341,6
DA:343,2
DA:346,6
DA:348,6
DA:349,6
DA:351,6
DA:353,4
DA:355,2
DA:356,4
DA:357,0
DA:362,2
DA:369,4
DA:371,0
DA:374,4
DA:376,4
DA:378,4
DA:380,0
DA:382,4
DA:383,6
DA:384,2
DA:389,2
DA:396,10
DA:398,10
DA:400,0
DA:401,0
DA:403,0
DA:404,0
DA:406,0
DA:407,0
DA:412,10
DA:414,10
DA:416,10
DA:417,10
DA:418,8
DA:419,2
DA:420,2
DA:423,0
DA:427,10
DA:434,259
DA:438,621
DA:440,621
DA:442,621
DA:444,621
DA:446,621
DA:448,621
DA:451,621
DA:460,773
DA:462,773
DA:463,773
DA:465,773
DA:466,773
DA:474,1504
DA:475,0
DA:476,1504
DA:478,734
DA:479,734
DA:481,734
DA:489,788
DA:490,288
DA:491,500
DA:493,39
DA:494,39
DA:496,39
DA:504,2337
DA:506,2337
DA:508,2337
DA:509,1503
DA:517,914
DA:519,914
DA:520,259
DA:521,259
DA:525,655
DA:526,596
DA:529,655
DA:530,175
DA:532,175
DA:538,116
DA:539,118
DA:541,116
DA:543,116
DA:544,12
DA:547,116
DA:554,116
DA:556,116
DA:558,116
DA:561,116
DA:563,116
DA:564,0
DA:566,0
DA:567,0
DA:571,116
DA:572,116
DA:574,116
DA:575,106
DA:578,116
DA:579,106
DA:583,116
DA:586,116
DA:590,116
DA:591,16
DA:593,16
DA:594,10
DA:596,10
DA:597,6
DA:598,6
DA:602,16
DA:604,16
DA:605,8
DA:608,16
DA:609,8
DA:613,16
DA:614,130
DA:618,16
DA:622,116
DA:623,60
DA:624,18
DA:629,116
DA:630,116
DA:632,116
DA:637,3544
DA:640,116
DA:645,116
DA:658,3869
DA:661,116
DA:665,116
DA:672,20147
DA:679,2
LF:254
LH:233
BRDA:59,0,0,116
BRDA:59,0,1,70
BRDA:60,1,0,116
BRDA:60,1,1,72
BRDA:112,2,0,2
BRDA:112,2,1,2
BRDA:126,3,0,4
BRDA:126,3,1,2
BRDA:151,4,0,0
BRDA:151,4,1,291
BRDA:151,5,0,291
BRDA:151,5,1,291
BRDA:151,5,2,291
BRDA:151,5,3,291
BRDA:151,5,4,291
BRDA:151,5,5,291
BRDA:156,6,0,32
BRDA:156,6,1,259
BRDA:156,7,0,291
BRDA:156,7,1,270
BRDA:171,8,0,152
BRDA:171,8,1,107
BRDA:172,9,0,100
BRDA:172,9,1,159
BRDA:187,10,0,1350
BRDA:187,10,1,809
BRDA:188,11,0,541
BRDA:188,11,1,550
BRDA:189,12,0,945
BRDA:189,12,1,146
BRDA:193,13,0,541
BRDA:193,13,1,550
BRDA:194,14,0,16
BRDA:194,14,1,525
BRDA:194,15,0,541
BRDA:194,15,1,525
BRDA:201,16,0,206
BRDA:201,16,1,319
BRDA:201,17,0,525
BRDA:201,17,1,270
BRDA:201,17,2,200
BRDA:205,18,0,132
BRDA:205,18,1,74
BRDA:208,19,0,0
BRDA:208,19,1,74
BRDA:208,20,0,74
BRDA:208,20,1,16
BRDA:214,21,0,132
BRDA:214,21,1,393
BRDA:225,22,0,14
BRDA:225,22,1,511
BRDA:236,23,0,945
BRDA:236,23,1,146
BRDA:237,24,0,4
BRDA:237,24,1,941
BRDA:237,25,0,945
BRDA:237,25,1,941
BRDA:244,26,0,163
BRDA:244,26,1,778
BRDA:244,27,0,941
BRDA:244,27,1,210
BRDA:244,27,2,182
BRDA:248,28,0,118
BRDA:248,28,1,45
BRDA:251,29,0,0
BRDA:251,29,1,45
BRDA:251,30,0,45
BRDA:251,30,1,0
BRDA:257,31,0,118
BRDA:257,31,1,823
BRDA:268,32,0,8
BRDA:268,32,1,933
BRDA:287,33,0,138
BRDA:287,33,1,121
BRDA:290,34,0,20
BRDA:290,34,1,118
BRDA:306,35,0,92
BRDA:306,35,1,167
BRDA:309,36,0,6
BRDA:309,36,1,86
BRDA:323,37,0,8
BRDA:323,37,1,159
BRDA:329,38,0,116
BRDA:329,38,1,143
BRDA:341,39,0,2
BRDA:341,39,1,4
BRDA:351,40,0,4
BRDA:351,40,1,2
BRDA:351,41,0,6
BRDA:351,41,1,6
BRDA:356,42,0,0
BRDA:356,42,1,4
BRDA:356,43,0,4
BRDA:356,43,1,2
BRDA:369,44,0,0
BRDA:369,44,1,4
BRDA:378,45,0,0
BRDA:378,45,1,4
BRDA:383,46,0,2
BRDA:383,46,1,4
BRDA:398,47,0,0
BRDA:398,47,1,10
BRDA:398,48,0,10
BRDA:398,48,1,10
BRDA:400,49,0,0
BRDA:400,49,1,0
BRDA:406,50,0,0
BRDA:406,50,1,0
BRDA:406,51,0,0
BRDA:406,51,1,0
BRDA:406,51,2,0
BRDA:406,51,3,0
BRDA:416,52,0,10
BRDA:416,52,1,0
BRDA:417,53,0,8
BRDA:417,53,1,2
BRDA:419,54,0,2
BRDA:419,54,1,0
BRDA:440,55,0,621
BRDA:440,55,1,0
BRDA:462,56,0,773
BRDA:462,56,1,0
BRDA:462,57,0,773
BRDA:462,57,1,773
BRDA:474,58,0,0
BRDA:474,58,1,1504
BRDA:476,59,0,734
BRDA:476,59,1,770
BRDA:489,60,0,288
BRDA:489,60,1,500
BRDA:491,61,0,39
BRDA:491,61,1,461
BRDA:508,62,0,1503
BRDA:508,62,1,834
BRDA:509,63,0,310
BRDA:509,63,1,1193
BRDA:519,64,0,259
BRDA:519,64,1,655
BRDA:525,65,0,596
BRDA:525,65,1,59
BRDA:566,66,0,0
BRDA:566,66,1,0
BRDA:574,67,0,106
BRDA:574,67,1,10
BRDA:578,68,0,106
BRDA:578,68,1,10
BRDA:593,69,0,10
BRDA:593,69,1,6
BRDA:597,70,0,6
BRDA:597,70,1,0
BRDA:602,71,0,16
BRDA:602,71,1,0
BRDA:604,72,0,8
BRDA:604,72,1,8
BRDA:608,73,0,8
BRDA:608,73,1,8
BRDA:622,74,0,60
BRDA:622,74,1,56
BRF:158
BRH:133
end_of_record
TN:
SF:/home/runner/work/coral-spectrum/coral-spectrum/coral-component-actionbar/src/scripts/ActionBarContainer.js
FN:53,(anonymous_0)
FN:59,_class
FN:83,_attachMoreButtonToContainer
FN:100,render
FN:142,get
FN:157,get
FNF:6
FNH:4
FNDA:2,(anonymous_0)
FNDA:20,_class
FNDA:2,_attachMoreButtonToContainer
FNDA:2,render
FNDA:0,get
FNDA:0,get
DA:24,2
DA:38,2
DA:53,2
DA:54,2
DA:56,2
DA:62,20
DA:64,20
DA:66,20
DA:68,20
DA:79,2
DA:84,2
DA:85,0
DA:88,2
DA:101,2
DA:103,2
DA:105,2
DA:107,2
DA:108,0
DA:110,0
DA:111,0
DA:116,2
DA:118,2
DA:119,2
DA:123,2
DA:125,2
DA:126,2
DA:130,2
DA:132,2
DA:134,2
DA:136,2
DA:138,2
DA:143,0
DA:144,0
DA:146,0
DA:147,0
DA:148,0
DA:149,0
DA:153,0
DA:158,0
DA:162,2
LF:40
LH:28
BRDA:84,0,0,0
BRDA:84,0,1,2
BRDA:84,1,0,2
BRDA:84,1,1,2
BRDA:110,2,0,0
BRDA:110,2,1,0
BRDA:118,3,0,2
BRDA:118,3,1,0
BRDA:125,4,0,2
BRDA:125,4,1,0
BRDA:143,5,0,0
BRDA:143,5,1,0
BRDA:146,6,0,0
BRDA:146,6,1,0
BRDA:146,7,0,0
BRDA:146,7,1,0
BRDA:148,8,0,0
BRDA:148,8,1,0
BRDA:148,9,0,0
BRDA:148,9,1,0
BRF:20
BRH:5
end_of_record
TN:
SF:/home/runner/work/coral-spectrum/coral-spectrum/coral-component-actionbar/src/scripts/ActionBarContainerCollection.js
FN:27,(anonymous_0)
FN:32,ActionBarContainerCollection
FN:40,add
FN:52,clear
FN:60,_getAllSelectable
FN:76,_getAllOffScreen
FNF:6
FNH:5
FNDA:2,(anonymous_0)
FNDA:260,ActionBarContainerCollection
FNDA:50,add
FNDA:0,clear
FNDA:705,_getAllSelectable
FNDA:48,_getAllOffScreen
DA:27,2
DA:28,2
DA:30,2
DA:33,260
DA:35,260
DA:38,2
DA:43,50
DA:44,40
DA:45,40
DA:48,50
DA:53,0
DA:55,0
DA:56,0
DA:61,705
DA:62,705
DA:64,705
DA:65,3022
DA:67,3022
DA:68,619
DA:72,705
DA:77,48
DA:81,2
LF:22
LH:19
BRDA:43,0,0,40
BRDA:43,0,1,10
BRDA:43,1,0,50
BRDA:43,1,1,50
BRDA:45,2,0,38
BRDA:45,2,1,2
BRDA:67,3,0,619
BRDA:67,3,1,2403
BRDA:67,4,0,3022
BRDA:67,4,1,3022
BRDA:67,4,2,2991
BRDA:67,4,3,1348
BRDA:67,4,4,654
BRF:13
BRH:13
end_of_record
TN:
SF:/home/runner/work/coral-spectrum/coral-spectrum/coral-component-actionbar/src/scripts/ActionBarItem.js
FN:31,(anonymous_0)
FN:36,_class
FN:46,render
FN:54,get
FN:57,set
FNF:5
FNH:5
FNDA:2,(anonymous_0)
FNDA:764,_class
FNDA:762,render
FNDA:10,get
FNDA:2,set
DA:22,2
DA:31,2
DA:32,2
DA:34,2
DA:37,764
DA:39,764
DA:42,2
DA:47,762
DA:49,762
DA:55,10
DA:59,2
DA:60,2
DA:62,29
DA:68,2
LF:14
LH:14
BRDA:59,0,0,2
BRDA:59,0,1,0
BRF:2
BRH:1
end_of_record
TN:
SF:/home/runner/work/coral-spectrum/coral-spectrum/coral-component-actionbar/src/scripts/ActionBarPrimary.js
FN:32,(anonymous_0)
FN:37,_class
FN:47,_returnElementsFromPopover
FN:76,_attachMoreButtonToContainer
FN:84,render
FNF:5
FNH:5
FNDA:2,(anonymous_0)
FNDA:120,_class
FNDA:8,_returnElementsFromPopover
FNDA:120,_attachMoreButtonToContainer
FNDA:120,render
DA:23,2
DA:32,2
DA:33,2
DA:35,2
DA:38,120
DA:40,120
DA:43,2
DA:48,8
DA:49,8
DA:51,8
DA:52,19
DA:53,19
DA:55,19
DA:57,19
DA:58,14
DA:61,19
DA:63,19
DA:64,0
DA:66,0
DA:67,0
DA:78,120
DA:85,120
DA:87,120
DA:89,120
DA:93,2
LF:25
LH:22
BRDA:57,0,0,14
BRDA:57,0,1,5
BRDA:57,1,0,19
BRDA:57,1,1,14
BRDA:63,2,0,0
BRDA:63,2,1,19
BRDA:63,3,0,19
BRDA:63,3,1,19
BRDA:66,4,0,0
BRDA:66,4,1,0
BRF:10
BRH:7
end_of_record
TN:
SF:/home/runner/work/coral-spectrum/coral-spectrum/coral-component-actionbar/src/scripts/ActionBarSecondary.js
FN:32,(anonymous_0)
FN:37,_class
FN:47,_returnElementsFromPopover
FN:76,_attachMoreButtonToContainer
FN:83,render
FNF:5
FNH:4
FNDA:2,(anonymous_0)
FNDA:120,_class
FNDA:0,_returnElementsFromPopover
FNDA:120,_attachMoreButtonToContainer
FNDA:120,render
DA:23,2
DA:32,2
DA:33,2
DA:35,2
DA:38,120
DA:40,120
DA:43,2
DA:48,0
DA:49,0
DA:51,0
DA:52,0
DA:53,0
DA:55,0
DA:57,0
DA:58,0
DA:61,0
DA:63,0
DA:64,0
DA:66,0
DA:67,0
DA:77,120
DA:84,120
DA:86,120
DA:88,120
DA:92,2
LF:25
LH:12
BRDA:57,0,0,0
BRDA:57,0,1,0
BRDA:57,1,0,0
BRDA:57,1,1,0
BRDA:63,2,0,0
BRDA:63,2,1,0
BRDA:63,3,0,0
BRDA:63,3,1,0
BRDA:66,4,0,0
BRDA:66,4,1,0
BRF:10
BRH:0
end_of_record
TN:
SF:/home/runner/work/coral-spectrum/coral-spectrum/coral-component-actionbar/src/scripts/BaseActionBarContainer.js
FN:30,copyAttributes
FN:52,BaseActionBarContainer
FN:53,(anonymous_2)
FN:59,_class
FN:106,_styleItem
FN:128,_onOverlayBeforeOpen
FN:143,(anonymous_6)
FN:155,(anonymous_7)
FN:158,(anonymous_8)
FN:179,_onOverlayBeforeClose
FN:216,_onOverlayKeyDown
FN:224,_onOverlayKeyUp
FN:234,connectedCallback
FN:249,render
FN:291,(anonymous_14)
FN:299,disconnectedCallback
FN:311,get
FN:322,get
FN:345,get
FN:348,set
FN:363,get
FN:366,set
FN:378,get
FN:387,get
FNF:24
FNH:21
FNDA:64,copyAttributes
FNDA:6,BaseActionBarContainer
FNDA:6,(anonymous_2)
FNDA:260,_class
FNDA:847,_styleItem
FNDA:24,_onOverlayBeforeOpen
FNDA:69,(anonymous_6)
FNDA:67,(anonymous_7)
FNDA:19,(anonymous_8)
FNDA:8,_onOverlayBeforeClose
FNDA:0,_onOverlayKeyDown
FNDA:0,_onOverlayKeyUp
FNDA:248,connectedCallback
FNDA:242,render
FNDA:706,(anonymous_14)
FNDA:354,disconnectedCallback
FNDA:0,get
FNDA:1893,get
FNDA:878,get
FNDA:110,set
FNDA:262,get
FNDA:98,set
FNDA:192,get
FNDA:6,get
DA:28,2
DA:30,2
DA:31,64
DA:33,64
DA:34,378
DA:36,378
DA:37,184
DA:39,64
DA:41,120
DA:52,2
DA:53,6
DA:54,6
DA:56,6
DA:62,260
DA:64,260
DA:66,260
DA:67,260
DA:68,260
DA:69,260
DA:72,260
DA:77,260
DA:78,260
DA:79,260
DA:80,260
DA:81,260
DA:83,260
DA:84,260
DA:86,260
DA:89,260
DA:91,260
DA:100,6
DA:107,847
DA:109,847
DA:110,831
DA:111,831
DA:113,831
DA:114,243
DA:117,588
DA:130,24
DA:131,0
DA:134,24
DA:136,24
DA:137,6
DA:141,18
DA:143,18
DA:144,69
DA:146,69
DA:147,69
DA:149,69
DA:150,2
DA:155,18
DA:156,67
DA:158,18
DA:159,19
DA:162,18
DA:164,18
DA:165,18
DA:166,18
DA:181,8
DA:182,0
DA:185,8
DA:187,8
DA:188,8
DA:190,8
DA:193,2
DA:197,8
DA:198,8
DA:200,8
DA:202,8
DA:203,0
DA:207,8
DA:210,8
DA:212,8
DA:217,0
DA:219,0
DA:220,0
DA:225,0
DA:227,0
DA:228,0
DA:235,248
DA:237,248
DA:239,248
DA:241,248
DA:242,96
DA:250,242
DA:252,242
DA:255,242
DA:257,242
DA:258,0
DA:260,0
DA:261,0
DA:266,242
DA:268,242
DA:269,20
DA:273,242
DA:275,242
DA:276,20
DA:280,242
DA:282,242
DA:284,242
DA:286,242
DA:287,242
DA:289,242
DA:291,242
DA:292,706
DA:300,354
DA:302,354
DA:304,354
DA:305,118
DA:306,118
DA:312,0
DA:324,1893
DA:325,260
DA:332,1893
DA:346,878
DA:349,110
DA:351,110
DA:364,262
DA:367,98
DA:369,98
DA:371,98
DA:373,98
DA:379,192
DA:388,6
DA:392,6
LF:125
LH:112
BRDA:36,0,0,184
BRDA:36,0,1,194
BRDA:37,1,0,64
BRDA:37,1,1,120
BRDA:107,2,0,847
BRDA:107,2,1,46
BRDA:109,3,0,831
BRDA:109,3,1,16
BRDA:113,4,0,243
BRDA:113,4,1,588
BRDA:113,5,0,831
BRDA:113,5,1,612
BRDA:117,6,0,62
BRDA:117,6,1,526
BRDA:130,7,0,0
BRDA:130,7,1,24
BRDA:136,8,0,6
BRDA:136,8,1,18
BRDA:146,9,0,69
BRDA:146,9,1,2
BRDA:149,10,0,2
BRDA:149,10,1,67
BRDA:156,11,0,67
BRDA:156,11,1,67
BRDA:159,12,0,19
BRDA:159,12,1,19
BRDA:181,13,0,0
BRDA:181,13,1,8
BRDA:188,14,0,8
BRDA:188,14,1,8
BRDA:190,15,0,2
BRDA:190,15,1,6
BRDA:190,16,0,8
BRDA:190,16,1,2
BRDA:219,17,0,0
BRDA:219,17,1,0
BRDA:220,18,0,0
BRDA:220,18,1,0
BRDA:227,19,0,0
BRDA:227,19,1,0
BRDA:228,20,0,0
BRDA:228,20,1,0
BRDA:241,21,0,96
BRDA:241,21,1,152
BRDA:260,22,0,0
BRDA:260,22,1,0
BRDA:268,23,0,20
BRDA:268,23,1,222
BRDA:275,24,0,20
BRDA:275,24,1,222
BRDA:304,25,0,118
BRDA:304,25,1,236
BRDA:305,26,0,12
BRDA:305,26,1,106
BRDA:324,27,0,260
BRDA:324,27,1,1633
BRDA:346,28,0,772
BRDA:346,28,1,106
BRDA:364,29,0,262
BRDA:364,29,1,164
BRDA:369,30,0,98
BRDA:369,30,1,0
BRDA:373,31,0,0
BRDA:373,31,1,98
BRF:64
BRH:50
end_of_record
TN:
SF:/home/runner/work/coral-spectrum/coral-spectrum/coral-component-actionbar/src/scripts/getFirstSelectableWrappedItem.js
FN:15,getFirstSelectableWrappedItem
FNF:1
FNH:1
FNDA:3016,getFirstSelectableWrappedItem
DA:17,3016
DA:18,49
DA:21,2967
DA:23,1075
DA:26,1892
DA:28,1892
DA:29,1860
DA:31,1860
DA:32,1042
DA:37,850
DA:38,818
DA:40,818
DA:41,1546
DA:43,1546
DA:44,25
DA:49,825
LF:16
LH:16
BRDA:17,0,0,49
BRDA:17,0,1,2967
BRDA:21,1,0,1075
BRDA:21,1,1,1892
BRDA:31,2,0,1042
BRDA:31,2,1,818
BRDA:31,3,0,1860
BRDA:31,3,1,1175
BRDA:31,3,2,133
BRDA:43,4,0,25
BRDA:43,4,1,1521
BRDA:43,5,0,1546
BRDA:43,5,1,235
BRDA:43,5,2,210
BRF:14
BRH:14
end_of_record
TN:
SF:/home/runner/work/coral-spectrum/coral-spectrum/coral-component-alert/src/scripts/Alert.js
FN:71,capitalize
FN:85,(anonymous_1)
FN:91,_class
FN:127,_onCloseClick
FN:140,_insertTemplate
FN:160,render
FN:207,get
FN:210,set
FN:238,get
FN:241,set
FN:255,get
FN:258,set
FN:262,insert
FN:276,get
FN:279,set
FN:283,insert
FN:298,get
FN:301,set
FN:305,insert
FN:314,get
FN:328,get
FN:338,get
FN:345,get
FNF:23
FNH:23
FNDA:166,capitalize
FNDA:2,(anonymous_1)
FNDA:96,_class
FNDA:8,_onCloseClick
FNDA:166,_insertTemplate
FNDA:78,render
FNDA:168,get
FNDA:88,set
FNDA:2,get
FNDA:78,set
FNDA:84,get
FNDA:80,set
FNDA:80,insert
FNDA:88,get
FNDA:80,set
FNDA:80,insert
FNDA:2,get
FNDA:80,set
FNDA:80,insert
FNDA:4788,get
FNDA:26,get
FNDA:10,get
FNDA:2,get
DA:40,2
DA:58,2
DA:62,2
DA:64,2
DA:66,2
DA:67,10
DA:71,2
DA:72,166
DA:85,2
DA:86,2
DA:88,2
DA:94,96
DA:96,96
DA:98,96
DA:105,96
DA:109,96
DA:120,2
DA:128,8
DA:129,8
DA:131,8
DA:132,6
DA:133,6
DA:136,8
DA:141,166
DA:142,78
DA:145,166
DA:147,166
DA:148,4
DA:152,166
DA:153,166
DA:154,166
DA:161,78
DA:163,78
DA:165,78
DA:167,78
DA:168,28
DA:171,78
DA:172,26
DA:175,78
DA:176,234
DA:178,234
DA:179,164
DA:183,78
DA:184,420
DA:186,420
DA:188,302
DA:191,118
DA:195,78
DA:198,78
DA:199,234
DA:202,234
DA:208,168
DA:213,88
DA:214,88
DA:216,88
DA:218,88
DA:221,88
DA:226,88
DA:239,2
DA:242,78
DA:243,78
DA:245,78
DA:256,84
DA:259,80
DA:263,80
DA:264,80
DA:277,88
DA:280,80
DA:284,80
DA:286,80
DA:299,2
DA:302,80
DA:306,80
DA:308,80
DA:315,4788
DA:329,26
DA:339,10
DA:346,2
DA:350,2
LF:79
LH:79
BRDA:100,0,0,96
BRDA:100,0,1,34
BRDA:101,1,0,96
BRDA:101,1,1,34
BRDA:102,2,0,96
BRDA:102,2,1,56
BRDA:131,3,0,6
BRDA:131,3,1,2
BRDA:131,4,0,8
BRDA:131,4,1,4
BRDA:141,5,0,78
BRDA:141,5,1,88
BRDA:147,6,0,4
BRDA:147,6,1,162
BRDA:147,7,0,166
BRDA:147,7,1,164
BRDA:167,8,0,28
BRDA:167,8,1,50
BRDA:171,9,0,26
BRDA:171,9,1,52
BRDA:178,10,0,164
BRDA:178,10,1,70
BRDA:186,11,0,302
BRDA:186,11,1,118
BRDA:186,12,0,420
BRDA:186,12,1,118
BRDA:186,12,2,118
BRDA:208,13,0,168
BRDA:208,13,1,2
BRDA:214,14,0,88
BRDA:214,14,1,88
BRDA:214,14,2,0
BRDA:239,15,0,2
BRDA:239,15,1,2
BRDA:243,16,0,78
BRDA:243,16,1,78
BRDA:243,16,2,0
BRF:37
BRH:35
end_of_record
TN:
SF:/home/runner/work/coral-spectrum/coral-spectrum/coral-component-alert/src/scripts/AlertContent.js
FN:19,(anonymous_0)
FNF:1
FNH:0
FNDA:0,(anonymous_0)
DA:20,0
LF:1
LH:0
BRF:0
BRH:0
end_of_record
TN:
SF:/home/runner/work/coral-spectrum/coral-spectrum/coral-component-alert/src/scripts/AlertFooter.js
FN:19,(anonymous_0)
FNF:1
FNH:0
FNDA:0,(anonymous_0)
DA:20,0
LF:1
LH:0
BRF:0
BRH:0
end_of_record
TN:
SF:/home/runner/work/coral-spectrum/coral-spectrum/coral-component-alert/src/scripts/AlertHeader.js
FN:19,(anonymous_0)
FNF:1
FNH:0
FNDA:0,(anonymous_0)
DA:20,0
LF:1
LH:0
BRF:0
BRH:0
end_of_record
TN:
SF:/home/runner/work/coral-spectrum/coral-spectrum/coral-component-anchorbutton/src/scripts/AnchorButton.js
FN:39,(anonymous_0)
FN:45,_class
FN:79,_onKeyDown
FN:90,_onKeyUp
FN:100,_onDisabledClick
FN:110,render
FN:124,get
FN:127,set
FN:138,get
FN:147,get
FNF:10
FNH:10
FNDA:2,(anonymous_0)
FNDA:348,_class
FNDA:6,_onKeyDown
FNDA:6,_onKeyUp
FNDA:28,_onDisabledClick
FNDA:300,render
FNDA:2402,get
FNDA:6,set
FNDA:2454,get
FNDA:2,get
DA:25,2
DA:39,2
DA:40,2
DA:42,2
DA:48,348
DA:50,348
DA:52,348
DA:58,348
DA:60,348
DA:71,2
DA:80,6
DA:81,6
DA:82,6
DA:83,6
DA:91,6
DA:92,6
DA:93,6
DA:101,28
DA:102,4
DA:111,300
DA:114,300
DA:116,300
DA:118,298
DA:119,298
DA:125,2402
DA:128,6
DA:130,6
DA:132,6
DA:133,6
DA:134,6
DA:139,2454
DA:148,2
DA:152,2
LF:33
LH:33
BRDA:80,0,0,6
BRDA:80,0,1,0
BRDA:91,1,0,6
BRDA:91,1,1,0
BRDA:101,2,0,4
BRDA:101,2,1,24
BRDA:116,3,0,298
BRDA:116,3,1,2
BRDA:125,4,0,2402
BRDA:125,4,1,2232
BRDA:133,5,0,6
BRDA:133,5,1,0
BRDA:134,6,0,6
BRDA:134,6,1,0
BRF:14
BRH:10
end_of_record
TN:
SF:/home/runner/work/coral-spectrum/coral-spectrum/coral-component-anchorbutton/src/scripts/AnchorButtonLabel.js
FN:19,(anonymous_0)
FNF:1
FNH:0
FNDA:0,(anonymous_0)
DA:20,0
LF:1
LH:0
BRF:0
BRH:0
end_of_record
TN:
SF:/home/runner/work/coral-spectrum/coral-spectrum/coral-component-autocomplete/src/scripts/Autocomplete.js
FN:91,(anonymous_0)
FN:97,_class
FN:111,(anonymous_2)
FN:192,_getName
FN:206,_setName
FN:219,_startObserving
FN:233,_stopObserving
FN:239,_onInputChange
FN:267,_handleMutation
FN:286,_setStateFromDOM
FN:298,_createOptionsFromDOM
FN:304,(anonymous_11)
FN:323,_setInputValues
FN:335,_reflectCurrentValue
FN:364,_setSelectedFromDOM
FN:409,_deselectExcept
FN:429,_addValue
FN:477,_removeValue
FN:523,_clearValues
FN:544,_resetValues
FN:556,_focusNextItem
FN:579,(anonymous_21)
FN:600,_focusPreviousItem
FN:625,(anonymous_23)
FN:642,_showSuggestions
FN:671,_onOverlayPositioned
FN:681,_onGlobalClick
FN:698,_onScroll
FN:707,_onMouseWheel
FN:717,_onMouseDown
FN:724,_handleScrollBottom
FN:747,_handleFocusOut
FN:760,(anonymous_32)
FN:778,_handleListFocusShift
FN:791,_hideSuggestionsAndFocus
FN:801,_handleTriggerClick
FN:816,_handleTriggerMousedown
FN:823,_handleListItemFocus
FN:845,_scrollItemIntoView
FN:860,_getMatches
FN:893,_handleInputKeypressEnter
FN:903,_handleInputEvent
FN:920,_handleInput
FN:948,(anonymous_43)
FN:1017,_selectItem
FN:1052,_handleInputUpKeypress
FN:1072,_handleInputDownKeypress
FN:1088,_handleInputTabKeypress
FN:1101,_handleSelect
FN:1127,(anonymous_49)
FN:1142,_preventTagListChangeEvent
FN:1147,_handleTagAdded
FN:1158,_handleTagRemoved
FN:1192,_handleItemValueChange
FN:1206,_handleItemContentChange
FN:1219,_handleItemSelectedChange
FN:1258,_optionContainsValue
FN:1274,_optionStartsWithValue
FN:1290,_optionEqualsValue
FN:1303,_updateButtonAccessibilityLabel
FN:1322,clear
FN:1337,clearSuggestions
FN:1361,addSuggestions
FN:1421,showSuggestions
FN:1433,(anonymous_64)
FN:1449,hideSuggestions
FN:1470,_onOverlayOpenOrClose
FN:1489,reset
FN:1502,connectedCallback
FN:1515,render
FN:1577,disconnectedCallback
FN:1604,get
FN:1615,get
FN:1637,get
FN:1640,set
FN:1666,get
FN:1669,set
FN:1689,get
FN:1692,set
FN:1707,get
FN:1710,set
FN:1724,get
FN:1727,set
FN:1742,get
FN:1745,set
FN:1774,get
FN:1777,set
FN:1801,get
FN:1804,set
FN:1835,get
FN:1847,get
FN:1860,get
FN:1865,set
FN:1876,get
FN:1879,set
FN:1944,get
FN:1947,set
FN:1958,get
FN:1961,set
FN:1981,get
FN:1984,set
FN:2010,get
FN:2013,set
FN:2035,get
FN:2038,set
FN:2051,get
FN:2054,set
FN:2073,get
FN:2076,set
FN:2096,get
FN:2099,set
FN:2106,get
FN:2116,get
FN:2121,get
FN:2131,get
FNF:115
FNH:99
FNDA:2,(anonymous_0)
FNDA:278,_class
FNDA:8,(anonymous_2)
FNDA:142,_getName
FNDA:132,_setName
FNDA:438,_startObserving
FNDA:160,_stopObserving
FNDA:12,_onInputChange
FNDA:253,_handleMutation
FNDA:527,_setStateFromDOM
FNDA:1375,_createOptionsFromDOM
FNDA:5069,(anonymous_11)
FNDA:952,_setInputValues
FNDA:572,_reflectCurrentValue
FNDA:527,_setSelectedFromDOM
FNDA:34,_deselectExcept
FNDA:360,_addValue
FNDA:222,_removeValue
FNDA:38,_clearValues
FNDA:165,_resetValues
FNDA:4,_focusNextItem
FNDA:4,(anonymous_21)
FNDA:0,_focusPreviousItem
FNDA:0,(anonymous_23)
FNDA:60,_showSuggestions
FNDA:94,_onOverlayPositioned
FNDA:1580,_onGlobalClick
FNDA:0,_onScroll
FNDA:0,_onMouseWheel
FNDA:24,_onMouseDown
FNDA:0,_handleScrollBottom
FNDA:40,_handleFocusOut
FNDA:38,(anonymous_32)
FNDA:68,_handleListFocusShift
FNDA:2,_hideSuggestionsAndFocus
FNDA:8,_handleTriggerClick
FNDA:2,_handleTriggerMousedown
FNDA:0,_handleListItemFocus
FNDA:2,_scrollItemIntoView
FNDA:103,_getMatches
FNDA:34,_handleInputKeypressEnter
FNDA:44,_handleInputEvent
FNDA:49,_handleInput
FNDA:20,(anonymous_43)
FNDA:84,_selectItem
FNDA:0,_handleInputUpKeypress
FNDA:8,_handleInputDownKeypress
FNDA:0,_handleInputTabKeypress
FNDA:26,_handleSelect
FNDA:26,(anonymous_49)
FNDA:0,_preventTagListChangeEvent
FNDA:382,_handleTagAdded
FNDA:286,_handleTagRemoved
FNDA:584,_handleItemValueChange
FNDA:264,_handleItemContentChange
FNDA:228,_handleItemSelectedChange
FNDA:128,_optionContainsValue
FNDA:0,_optionStartsWithValue
FNDA:144,_optionEqualsValue
FNDA:463,_updateButtonAccessibilityLabel
FNDA:6,clear
FNDA:64,clearSuggestions
FNDA:64,addSuggestions
FNDA:66,showSuggestions
FNDA:66,(anonymous_64)
FNDA:86,hideSuggestions
FNDA:26,_onOverlayOpenOrClose
FNDA:12,reset
FNDA:300,connectedCallback
FNDA:274,render
FNDA:300,disconnectedCallback
FNDA:0,get
FNDA:2496,get
FNDA:2372,get
FNDA:110,set
FNDA:60,get
FNDA:130,set
FNDA:669,get
FNDA:14,set
FNDA:40,get
FNDA:36,set
FNDA:8,get
FNDA:8,set
FNDA:12,get
FNDA:280,set
FNDA:0,get
FNDA:34,set
FNDA:0,get
FNDA:70,set
FNDA:843,get
FNDA:0,get
FNDA:190,get
FNDA:588,set
FNDA:534,get
FNDA:608,set
FNDA:142,get
FNDA:22,set
FNDA:257,get
FNDA:83,set
FNDA:700,get
FNDA:32,set
FNDA:12,get
FNDA:0,set
FNDA:4,get
FNDA:0,set
FNDA:66,get
FNDA:12,set
FNDA:1008,get
FNDA:172,set
FNDA:2,get
FNDA:70,set
FNDA:2,get
FNDA:14,get
FNDA:222,get
FNDA:2,get
DA:36,2
DA:44,2
DA:51,2
DA:63,2
DA:78,2
DA:91,2
DA:92,2
DA:94,2
DA:100,278
DA:102,278
DA:104,278
DA:105,278
DA:111,278
DA:115,278
DA:116,278
DA:117,278
DA:147,278
DA:148,278
DA:150,278
DA:151,278
DA:152,278
DA:154,278
DA:155,278
DA:156,278
DA:157,278
DA:158,278
DA:160,278
DA:163,278
DA:165,278
DA:167,278
DA:169,278
DA:171,278
DA:173,278
DA:175,278
DA:177,278
DA:179,278
DA:188,2
DA:193,142
DA:194,108
DA:197,34
DA:207,132
DA:208,104
DA:209,104
DA:211,28
DA:212,28
DA:220,438
DA:234,160
DA:241,12
DA:243,12
DA:244,10
DA:246,10
DA:250,6
DA:252,6
DA:253,12
DA:254,12
DA:268,253
DA:269,253
DA:270,253
DA:272,253
DA:273,253
DA:275,253
DA:287,527
DA:289,527
DA:299,1375
DA:302,1375
DA:303,1375
DA:304,1375
DA:306,5069
DA:314,5069
DA:316,5069
DA:324,952
DA:327,952
DA:328,538
DA:337,572
DA:339,572
DA:340,572
DA:342,572
DA:344,158
DA:346,158
DA:348,83
DA:351,75
DA:355,572
DA:365,527
DA:367,527
DA:369,91
DA:371,87
DA:374,87
DA:375,174
DA:376,174
DA:378,174
DA:382,4
DA:384,4
DA:388,4
DA:390,436
DA:391,432
DA:392,40
DA:394,392
DA:410,34
DA:412,34
DA:414,34
DA:415,36
DA:416,2
DA:420,34
DA:430,360
DA:432,46
DA:434,46
DA:435,30
DA:438,16
DA:443,360
DA:445,360
DA:446,274
DA:449,360
DA:451,360
DA:452,356
DA:454,4
DA:458,360
DA:463,360
DA:465,360
DA:468,360
DA:479,222
DA:481,222
DA:483,218
DA:486,4
DA:489,4
DA:491,4
DA:492,4
DA:493,4
DA:495,4
DA:497,4
DA:502,4
DA:504,4
DA:506,4
DA:508,4
DA:511,4
DA:513,4
DA:524,38
DA:527,38
DA:529,38
DA:531,38
DA:532,46
DA:535,38
DA:546,165
DA:548,165
DA:550,165
DA:557,4
DA:560,4
DA:561,4
DA:562,4
DA:564,4
DA:569,4
DA:570,0
DA:572,0
DA:573,0
DA:575,4
DA:576,2
DA:579,4
DA:580,4
DA:581,2
DA:582,0
DA:585,2
DA:587,2
DA:588,2
DA:591,4
DA:592,2
DA:601,0
DA:604,0
DA:605,0
DA:606,0
DA:608,0
DA:613,0
DA:614,0
DA:616,0
DA:617,0
DA:620,0
DA:621,0
DA:622,0
DA:625,0
DA:626,0
DA:627,0
DA:629,0
DA:630,0
DA:633,0
DA:634,0
DA:644,60
DA:647,60
DA:649,60
DA:656,60
DA:658,60
DA:660,6
DA:662,6
DA:665,54
DA:666,54
DA:673,94
DA:675,94
DA:676,48
DA:682,1580
DA:683,1574
DA:686,6
DA:688,6
DA:690,6
DA:691,0
DA:699,0
DA:700,0
DA:701,0
DA:708,0
DA:711,0
DA:712,0
DA:718,24
DA:725,0
DA:727,0
DA:728,0
DA:731,0
DA:737,0
DA:739,0
DA:748,40
DA:750,40
DA:751,40
DA:752,40
DA:754,40
DA:755,10
DA:760,40
DA:761,38
DA:762,38
DA:764,38
DA:765,15
DA:767,23
DA:770,10
DA:779,68
DA:781,0
DA:782,0
DA:784,0
DA:793,2
DA:795,2
DA:802,8
DA:803,2
DA:807,6
DA:809,6
DA:817,2
DA:824,0
DA:825,0
DA:826,0
DA:827,0
DA:829,0
DA:830,0
DA:831,0
DA:834,0
DA:835,0
DA:837,0
DA:838,0
DA:846,2
DA:848,2
DA:850,2
DA:851,0
DA:852,2
DA:853,0
DA:861,103
DA:862,103
DA:864,103
DA:865,217
DA:866,104
DA:870,103
DA:873,41
DA:875,41
DA:876,55
DA:881,55
DA:882,8
DA:887,103
DA:895,34
DA:896,22
DA:905,44
DA:907,44
DA:909,14
DA:910,14
DA:913,30
DA:922,49
DA:923,0
DA:924,0
DA:925,0
DA:929,49
DA:932,49
DA:933,2
DA:935,2
DA:937,2
DA:941,49
DA:942,49
DA:944,49
DA:946,49
DA:948,16
DA:949,20
DA:951,16
DA:953,16
DA:955,16
DA:956,0
DA:958,0
DA:962,16
DA:966,16
DA:967,2
DA:971,16
DA:973,16
DA:974,8
DA:976,33
DA:978,3
DA:979,0
DA:981,3
DA:988,30
DA:990,30
DA:991,4
DA:993,4
DA:997,26
DA:1001,30
DA:1003,30
DA:1004,24
DA:1008,49
DA:1019,84
DA:1022,84
DA:1024,84
DA:1026,70
DA:1028,14
DA:1029,14
DA:1031,14
DA:1032,2
DA:1034,12
DA:1038,14
DA:1046,84
DA:1054,0
DA:1056,0
DA:1057,0
DA:1058,0
DA:1060,0
DA:1065,0
DA:1074,8
DA:1076,8
DA:1077,4
DA:1081,4
DA:1090,0
DA:1091,0
DA:1102,26
DA:1104,26
DA:1106,26
DA:1108,0
DA:1112,26
DA:1114,26
DA:1115,20
DA:1119,20
DA:1122,6
DA:1127,26
DA:1128,26
DA:1131,26
DA:1133,26
DA:1143,0
DA:1149,382
DA:1160,286
DA:1163,286
DA:1165,286
DA:1167,286
DA:1168,249
DA:1169,114
DA:1170,114
DA:1174,286
DA:1175,172
DA:1179,286
DA:1180,4
DA:1183,286
DA:1194,584
DA:1197,584
DA:1208,264
DA:1210,264
DA:1221,228
DA:1222,228
DA:1223,228
DA:1225,228
DA:1226,184
DA:1227,44
DA:1229,30
DA:1231,30
DA:1233,30
DA:1235,30
DA:1239,14
DA:1240,2
DA:1243,2
DA:1259,128
DA:1260,128
DA:1275,0
DA:1276,0
DA:1291,144
DA:1292,144
DA:1304,463
DA:1306,463
DA:1307,30
DA:1308,433
DA:1309,32
DA:1312,463
DA:1314,463
DA:1323,6
DA:1325,6
DA:1327,6
DA:1328,2
DA:1338,64
DA:1340,64
DA:1363,64
DA:1365,64
DA:1367,0
DA:1371,64
DA:1372,114
DA:1373,114
DA:1374,114
DA:1375,114
DA:1377,114
DA:1378,114
DA:1390,114
DA:1394,64
DA:1396,2
DA:1404,2
DA:1406,2
DA:1408,2
DA:1410,2
DA:1412,62
DA:1422,66
DA:1424,66
DA:1425,6
DA:1427,60
DA:1431,66
DA:1433,66
DA:1434,66
DA:1436,66
DA:1439,66
DA:1441,66
DA:1450,86
DA:1452,86
DA:1454,86
DA:1456,86
DA:1459,86
DA:1461,86
DA:1471,26
DA:1472,18
DA:1474,18
DA:1476,8
DA:1478,8
DA:1480,8
DA:1491,12
DA:1503,300
DA:1505,300
DA:1507,300
DA:1509,300
DA:1510,2
DA:1516,274
DA:1518,274
DA:1520,274
DA:1522,274
DA:1524,274
DA:1526,274
DA:1528,274
DA:1530,274
DA:1533,274
DA:1535,274
DA:1537,274
DA:1540,274
DA:1541,254
DA:1545,274
DA:1547,274
DA:1548,274
DA:1549,274
DA:1550,274
DA:1551,274
DA:1553,274
DA:1554,1370
DA:1556,1370
DA:1558,1290
DA:1561,80
DA:1566,274
DA:1568,274
DA:1571,274
DA:1578,300
DA:1580,300
DA:1582,300
DA:1583,4
DA:1584,4
DA:1605,0
DA:1617,2496
DA:1618,276
DA:1624,2496
DA:1638,2372
DA:1641,110
DA:1643,110
DA:1645,110
DA:1647,110
DA:1648,94
DA:1650,16
DA:1652,16
DA:1655,110
DA:1667,60
DA:1670,130
DA:1672,130
DA:1673,130
DA:1690,669
DA:1693,14
DA:1695,14
DA:1708,40
DA:1711,36
DA:1713,36
DA:1725,8
DA:1728,8
DA:1730,6
DA:1743,12
DA:1746,280
DA:1747,280
DA:1749,280
DA:1751,280
DA:1752,4
DA:1754,4
DA:1756,4
DA:1758,276
DA:1760,276
DA:1762,276
DA:1775,0
DA:1778,34
DA:1779,0
DA:1780,0
DA:1782,34
DA:1783,34
DA:1785,34
DA:1786,34
DA:1787,0
DA:1788,0
DA:1802,0
DA:1805,70
DA:1807,70
DA:1808,6
DA:1810,6
DA:1812,6
DA:1813,6
DA:1817,6
DA:1820,6
DA:1821,6
DA:1823,64
DA:1824,0
DA:1836,843
DA:1848,0
DA:1862,190
DA:1863,190
DA:1866,588
DA:1877,534
DA:1880,608
DA:1881,0
DA:1884,608
DA:1886,608
DA:1887,414
DA:1892,608
DA:1894,608
DA:1896,14
DA:1897,8
DA:1899,8
DA:1900,8
DA:1905,594
DA:1906,192
DA:1907,192
DA:1911,608
DA:1914,36
DA:1917,36
DA:1918,42
DA:1921,42
DA:1924,42
DA:1928,572
DA:1930,572
DA:1945,142
DA:1948,22
DA:1950,22
DA:1959,257
DA:1962,83
DA:1965,83
DA:1967,83
DA:1969,83
DA:1982,700
DA:1985,32
DA:1987,32
DA:1989,32
DA:1991,32
DA:1993,32
DA:1994,32
DA:1995,32
DA:1996,32
DA:1998,32
DA:2011,12
DA:2014,0
DA:2016,0
DA:2018,0
DA:2019,0
DA:2020,0
DA:2021,0
DA:2023,0
DA:2036,4
DA:2039,0
DA:2041,0
DA:2043,0
DA:2052,66
DA:2055,12
DA:2057,12
DA:2059,12
DA:2061,12
DA:2062,6
DA:2064,6
DA:2074,1008
DA:2077,172
DA:2079,172
DA:2081,172
DA:2083,172
DA:2084,38
DA:2086,134
DA:2097,2
DA:2100,70
DA:2102,70
DA:2107,2
DA:2117,14
DA:2122,222
DA:2132,2
DA:2136,2
LF:616
LH:525
BRDA:193,0,0,108
BRDA:193,0,1,34
BRDA:207,1,0,104
BRDA:207,1,1,28
BRDA:243,2,0,10
BRDA:243,2,1,2
BRDA:246,3,0,6
BRDA:246,3,1,4
BRDA:246,4,0,10
BRDA:246,4,1,8
BRDA:253,5,0,12
BRDA:253,5,1,0
BRDA:272,6,0,253
BRDA:272,6,1,0
BRDA:272,7,0,253
BRDA:272,7,1,253
BRDA:327,8,0,538
BRDA:327,8,1,414
BRDA:327,9,0,952
BRDA:327,9,1,592
BRDA:337,10,0,158
BRDA:337,10,1,414
BRDA:342,11,0,158
BRDA:342,11,1,414
BRDA:346,12,0,83
BRDA:346,12,1,75
BRDA:367,13,0,91
BRDA:367,13,1,436
BRDA:369,14,0,87
BRDA:369,14,1,4
BRDA:390,15,0,432
BRDA:390,15,1,4
BRDA:391,16,0,40
BRDA:391,16,1,392
BRDA:410,17,0,34
BRDA:410,17,1,30
BRDA:415,18,0,2
BRDA:415,18,1,34
BRDA:430,19,0,46
BRDA:430,19,1,314
BRDA:434,20,0,30
BRDA:434,20,1,16
BRDA:445,21,0,274
BRDA:445,21,1,86
BRDA:451,22,0,356
BRDA:451,22,1,4
BRDA:481,23,0,218
BRDA:481,23,1,4
BRDA:491,24,0,4
BRDA:491,24,1,0
BRDA:492,25,0,4
BRDA:492,25,1,0
BRDA:504,26,0,4
BRDA:504,26,1,0
BRDA:511,27,0,4
BRDA:511,27,1,0
BRDA:569,28,0,0
BRDA:569,28,1,4
BRDA:572,29,0,0
BRDA:572,29,1,0
BRDA:575,30,0,2
BRDA:575,30,1,2
BRDA:575,31,0,4
BRDA:575,31,1,4
BRDA:580,32,0,2
BRDA:580,32,1,2
BRDA:581,33,0,0
BRDA:581,33,1,2
BRDA:591,34,0,2
BRDA:591,34,1,2
BRDA:613,35,0,0
BRDA:613,35,1,0
BRDA:616,36,0,0
BRDA:616,36,1,0
BRDA:621,37,0,0
BRDA:621,37,1,0
BRDA:621,38,0,0
BRDA:621,38,1,0
BRDA:626,39,0,0
BRDA:626,39,1,0
BRDA:633,40,0,0
BRDA:633,40,1,0
BRDA:658,41,0,6
BRDA:658,41,1,54
BRDA:675,42,0,48
BRDA:675,42,1,46
BRDA:682,43,0,1574
BRDA:682,43,1,6
BRDA:690,44,0,0
BRDA:690,44,1,6
BRDA:690,45,0,6
BRDA:690,45,1,0
BRDA:711,46,0,0
BRDA:711,46,1,0
BRDA:711,47,0,0
BRDA:711,47,1,0
BRDA:711,47,2,0
BRDA:711,47,3,0
BRDA:727,48,0,0
BRDA:727,48,1,0
BRDA:737,49,0,0
BRDA:737,49,1,0
BRDA:754,50,0,10
BRDA:754,50,1,30
BRDA:762,51,0,38
BRDA:762,51,1,26
BRDA:764,52,0,15
BRDA:764,52,1,23
BRDA:764,53,0,38
BRDA:764,53,1,23
BRDA:764,53,2,19
BRDA:767,54,0,10
BRDA:767,54,1,13
BRDA:767,55,0,23
BRDA:767,55,1,23
BRDA:767,55,2,15
BRDA:767,55,3,20
BRDA:767,55,4,15
BRDA:767,55,5,2
BRDA:779,56,0,0
BRDA:779,56,1,68
BRDA:802,57,0,2
BRDA:802,57,1,6
BRDA:829,58,0,0
BRDA:829,58,1,0
BRDA:834,59,0,0
BRDA:834,59,1,0
BRDA:850,60,0,0
BRDA:850,60,1,2
BRDA:852,61,0,0
BRDA:852,61,1,2
BRDA:861,62,0,103
BRDA:861,62,1,0
BRDA:865,63,0,104
BRDA:865,63,1,113
BRDA:870,64,0,41
BRDA:870,64,1,62
BRDA:881,65,0,8
BRDA:881,65,1,47
BRDA:895,66,0,22
BRDA:895,66,1,12
BRDA:907,67,0,14
BRDA:907,67,1,30
BRDA:922,68,0,0
BRDA:922,68,1,49
BRDA:922,69,0,49
BRDA:922,69,1,49
BRDA:932,70,0,2
BRDA:932,70,1,47
BRDA:932,71,0,49
BRDA:932,71,1,18
BRDA:935,72,0,2
BRDA:935,72,1,0
BRDA:941,73,0,49
BRDA:941,73,1,47
BRDA:946,74,0,16
BRDA:946,74,1,33
BRDA:948,75,0,16
BRDA:948,75,1,4
BRDA:955,76,0,0
BRDA:955,76,1,16
BRDA:956,77,0,0
BRDA:956,77,1,0
BRDA:966,78,0,2
BRDA:966,78,1,14
BRDA:973,79,0,8
BRDA:973,79,1,8
BRDA:976,80,0,3
BRDA:976,80,1,30
BRDA:978,81,0,0
BRDA:978,81,1,3
BRDA:979,82,0,0
BRDA:979,82,1,0
BRDA:979,82,2,0
BRDA:979,82,3,0
BRDA:990,83,0,4
BRDA:990,83,1,26
BRDA:991,84,0,4
BRDA:991,84,1,0
BRDA:1003,85,0,24
BRDA:1003,85,1,6
BRDA:1024,86,0,70
BRDA:1024,86,1,14
BRDA:1029,87,0,10
BRDA:1029,87,1,4
BRDA:1031,88,0,2
BRDA:1031,88,1,12
BRDA:1056,89,0,0
BRDA:1056,89,1,0
BRDA:1057,90,0,0
BRDA:1057,90,1,0
BRDA:1076,91,0,4
BRDA:1076,91,1,4
BRDA:1090,92,0,0
BRDA:1090,92,1,0
BRDA:1090,93,0,0
BRDA:1090,93,1,0
BRDA:1106,94,0,0
[...]
DA:147,1070
DA:151,1070
DA:152,1058
DA:153,1058
DA:154,12
DA:155,12
DA:156,12
DA:159,1070
DA:160,0
DA:161,0
DA:164,0
DA:167,1070
DA:168,1068
DA:188,1192
DA:189,8
DA:192,1184
DA:193,354
DA:195,354
DA:198,830
DA:208,806
DA:209,792
DA:211,792
DA:213,792
DA:219,3156
DA:229,1192
DA:239,1180
DA:243,2
DA:255,2
DA:257,1068
DA:259,1068
DA:260,1068
DA:261,1068
DA:262,1068
DA:263,1068
DA:264,1068
DA:265,1068
DA:268,2
DA:271,0
DA:276,0
DA:281,1052
DA:286,0
DA:291,0
DA:296,811
DA:301,0
DA:305,2
LF:72
LH:64
BRDA:60,0,0,354
BRDA:60,0,1,0
BRDA:110,1,0,792
BRDA:110,1,1,14
BRDA:129,2,0,694
BRDA:129,2,1,0
BRDA:147,3,0,1070
BRDA:147,3,1,0
BRDA:151,4,0,1058
BRDA:151,4,1,12
BRDA:154,5,0,12
BRDA:154,5,1,0
BRDA:155,6,0,12
BRDA:155,6,1,0
BRDA:159,7,0,0
BRDA:159,7,1,1070
BRDA:160,8,0,0
BRDA:160,8,1,0
BRDA:167,9,0,1068
BRDA:167,9,1,2
BRDA:188,10,0,8
BRDA:188,10,1,1184
BRDA:192,11,0,354
BRDA:192,11,1,830
BRDA:208,12,0,792
BRDA:208,12,1,14
BRF:26
BRH:18
end_of_record
TN:
SF:/home/runner/work/coral-spectrum/coral-spectrum/coral-utils/src/scripts/Commons.js
FN:20,cleanOption
FN:41,cssTimeToMilliseconds
FN:67,returnFirst
FN:69,(anonymous_3)
FN:91,isFunction
FN:99,(anonymous_5)
FN:101,Commons
FN:108,(anonymous_7)
FN:156,_log
FN:177,extend
FN:206,augment
FN:250,swapKeysAndValues
FN:267,nextFrame
FN:268,(anonymous_13)
FN:287,transitionEnd
FN:299,onTransitionEnd
FN:353,_define
FN:368,ready
FN:410,(anonymous_18)
FN:412,(anonymous_19)
FN:433,setSubProperty
FN:470,getSubProperty
FN:504,_applyMixin
FN:528,mixin
FN:544,getUID
FN:559,callAll
FN:582,(anonymous_26)
FN:592,(anonymous_27)
FN:620,addResizeListener
FN:642,removeResizeListener
FN:668,get
FN:683,get
FN:695,get
FNF:33
FNH:28
FNDA:0,cleanOption
FNDA:1880,cssTimeToMilliseconds
FNDA:0,returnFirst
FNDA:0,(anonymous_3)
FNDA:48,isFunction
FNDA:2,(anonymous_5)
FNDA:2,Commons
FNDA:422,(anonymous_7)
FNDA:370,_log
FNDA:176026,extend
FNDA:138,augment
FNDA:190068,swapKeysAndValues
FNDA:434,nextFrame
FNDA:434,(anonymous_13)
FNDA:1880,transitionEnd
FNDA:1880,onTransitionEnd
FNDA:236,_define
FNDA:114,ready
FNDA:100,(anonymous_18)
FNDA:0,(anonymous_19)
FNDA:100,setSubProperty
FNDA:16,getSubProperty
FNDA:14,_applyMixin
FNDA:12,mixin
FNDA:89414,getUID
FNDA:12,callAll
FNDA:0,(anonymous_26)
FNDA:8,(anonymous_27)
FNDA:1378,addResizeListener
FNDA:2,removeResizeListener
FNDA:374,get
FNDA:7444,get
FNDA:4,get
DA:18,2
DA:20,2
DA:21,0
DA:22,0
DA:26,2
DA:28,2
DA:30,2
DA:42,1880
DA:43,1880
DA:45,1880
DA:46,949
DA:49,1880
DA:50,949
DA:51,931
DA:52,0
DA:56,931
DA:69,0
DA:70,0
DA:71,0
DA:74,0
DA:75,0
DA:76,0
DA:92,48
DA:99,2
DA:102,2
DA:104,2
DA:107,2
DA:108,2
DA:109,422
DA:110,946
DA:112,946
DA:114,946
DA:115,946
DA:116,946
DA:121,2
DA:122,2
DA:123,2
DA:124,2
DA:125,2
DA:127,2
DA:128,0
DA:129,0
DA:131,2
DA:146,2
DA:157,370
DA:158,368
DA:159,368
DA:162,368
DA:178,176026
DA:180,176026
DA:181,176226
DA:183,176226
DA:184,781096
DA:188,176026
DA:207,138
DA:209,138
DA:210,138
DA:212,138
DA:213,132
DA:215,132
DA:218,138
DA:219,258
DA:221,258
DA:222,354
DA:223,112
DA:225,106
DA:227,106
DA:228,104
DA:233,242
DA:238,138
DA:251,190068
DA:253,190068
DA:254,821895
DA:257,190068
DA:268,434
DA:269,434
DA:270,434
DA:289,1880
DA:290,1880
DA:291,1880
DA:297,1880
DA:299,1880
DA:300,1880
DA:302,1880
DA:303,1880
DA:304,1880
DA:306,1880
DA:308,1880
DA:317,1880
DA:318,1880
DA:319,1880
DA:320,1880
DA:324,1880
DA:325,1880
DA:327,1880
DA:329,1880
DA:331,663
DA:334,663
DA:338,1880
DA:354,236
DA:355,236
DA:369,114
DA:371,114
DA:372,6
DA:373,6
DA:376,114
DA:377,0
DA:380,114
DA:382,2
DA:383,2
DA:387,112
DA:388,112
DA:390,112
DA:392,112
DA:393,100
DA:394,100
DA:398,112
DA:399,252
DA:401,252
DA:402,252
DA:404,252
DA:409,112
DA:410,100
DA:411,100
DA:413,0
DA:417,12
DA:434,100
DA:435,100
DA:437,100
DA:439,96
DA:440,96
DA:444,4
DA:445,8
DA:447,8
DA:448,8
DA:450,0
DA:455,4
DA:471,16
DA:472,16
DA:474,16
DA:476,10
DA:480,6
DA:481,18
DA:483,18
DA:484,18
DA:486,0
DA:490,6
DA:505,14
DA:507,14
DA:508,10
DA:509,4
DA:510,4
DA:512,0
DA:529,12
DA:530,2
DA:531,4
DA:534,10
DA:545,89414
DA:560,12
DA:561,48
DA:564,12
DA:566,12
DA:567,6
DA:571,12
DA:573,12
DA:575,12
DA:577,0
DA:578,12
DA:580,2
DA:581,10
DA:582,2
DA:586,8
DA:588,2
DA:592,8
DA:597,8
DA:598,22
DA:599,22
DA:601,22
DA:602,8
DA:606,8
DA:622,1378
DA:623,1378
DA:626,1378
DA:629,1378
DA:644,2
DA:646,2
DA:649,2
DA:651,2
DA:652,2
DA:654,2
DA:655,2
DA:669,374
DA:670,374
DA:672,374
DA:674,0
DA:675,0
DA:679,374
DA:684,7444
DA:696,4
DA:700,2
DA:766,2
LF:201
LH:182
BRDA:45,0,0,949
BRDA:45,0,1,931
BRDA:49,1,0,949
BRDA:49,1,1,931
BRDA:51,2,0,0
BRDA:51,2,1,931
BRDA:114,3,0,946
BRDA:114,3,1,0
BRDA:127,4,0,0
BRDA:127,4,1,2
BRDA:157,5,0,368
BRDA:157,5,1,2
BRDA:157,6,0,370
BRDA:157,6,1,368
BRDA:178,7,0,0
BRDA:178,7,1,176026
BRDA:181,8,0,0
BRDA:181,8,1,176226
BRDA:181,9,0,176226
BRDA:181,9,1,176226
BRDA:207,10,0,0
BRDA:207,10,1,138
BRDA:210,11,0,0
BRDA:210,11,1,138
BRDA:210,12,0,138
BRDA:210,12,1,138
BRDA:212,13,0,132
BRDA:212,13,1,6
BRDA:219,14,0,0
BRDA:219,14,1,258
BRDA:219,15,0,258
BRDA:219,15,1,258
BRDA:222,16,0,112
BRDA:222,16,1,242
BRDA:223,17,0,106
BRDA:223,17,1,6
BRDA:227,18,0,104
BRDA:227,18,1,2
BRDA:269,19,0,434
BRDA:269,19,1,0
BRDA:302,20,0,1880
BRDA:302,20,1,0
BRDA:318,21,0,1880
BRDA:318,21,1,0
BRDA:324,22,0,1880
BRDA:324,22,1,0
BRDA:329,23,0,663
BRDA:329,23,1,1217
BRDA:371,24,0,6
BRDA:371,24,1,108
BRDA:376,25,0,0
BRDA:376,25,1,114
BRDA:380,26,0,2
BRDA:380,26,1,112
BRDA:387,27,0,112
BRDA:387,27,1,2
BRDA:392,28,0,100
BRDA:392,28,1,12
BRDA:392,29,0,112
BRDA:392,29,1,106
BRDA:392,29,2,106
BRDA:393,30,0,100
BRDA:393,30,1,100
BRDA:401,31,0,252
BRDA:401,31,1,0
BRDA:402,32,0,252
BRDA:402,32,1,252
BRDA:409,33,0,100
BRDA:409,33,1,12
BRDA:411,34,0,100
BRDA:411,34,1,100
BRDA:411,34,2,0
BRDA:417,35,0,12
BRDA:417,35,1,6
BRDA:417,35,2,6
BRDA:437,36,0,96
BRDA:437,36,1,4
BRDA:447,37,0,8
BRDA:447,37,1,0
BRDA:474,38,0,10
BRDA:474,38,1,6
BRDA:483,39,0,18
BRDA:483,39,1,0
BRDA:483,40,0,18
BRDA:483,40,1,12
BRDA:507,41,0,10
BRDA:507,41,1,4
BRDA:509,42,0,4
BRDA:509,42,1,0
BRDA:509,43,0,4
BRDA:509,43,1,4
BRDA:529,44,0,2
BRDA:529,44,1,10
BRDA:566,45,0,6
BRDA:566,45,1,6
BRDA:575,46,0,0
BRDA:575,46,1,12
BRDA:575,47,0,12
BRDA:575,47,1,2
BRDA:578,48,0,2
BRDA:578,48,1,10
BRDA:581,49,0,2
BRDA:581,49,1,8
BRDA:586,50,0,2
BRDA:586,50,1,6
BRDA:601,51,0,8
BRDA:601,51,1,14
BRDA:622,52,0,1378
BRDA:622,52,1,0
BRDA:651,53,0,2
BRDA:651,53,1,0
BRDA:654,54,0,2
BRDA:654,54,1,0
BRDA:674,55,0,0
BRDA:674,55,1,0
BRF:115
BRH:91
end_of_record
TN:
SF:/home/runner/work/coral-spectrum/coral-spectrum/coral-utils/src/scripts/Events.js
FN:20,(anonymous_0)
FN:25,Events
FN:46,on
FN:66,off
FN:88,dispatch
FN:97,destroy
FNF:6
FNH:5
FNDA:2,(anonymous_0)
FNDA:2,Events
FNDA:52157,on
FNDA:44406,off
FNDA:2,dispatch
FNDA:0,destroy
DA:20,2
DA:26,2
DA:28,2
DA:44,2
DA:47,52157
DA:49,52157
DA:67,44406
DA:69,44406
DA:89,2
DA:98,0
DA:102,2
DA:111,2
LF:12
LH:11
BRF:0
BRH:0
end_of_record
TN:
SF:/home/runner/work/coral-spectrum/coral-spectrum/coral-utils/src/scripts/I18nProvider.js
FN:159,(anonymous_0)
FN:166,I18nProvider
FN:250,set
FN:377,get
FN:454,(anonymous_4)
FN:466,get
FN:469,set
FNF:7
FNH:5
FNDA:2,(anonymous_0)
FNDA:2,I18nProvider
FNDA:0,set
FNDA:40178,get
FNDA:2350,(anonymous_4)
FNDA:125242,get
FNDA:0,set
DA:103,2
DA:152,2
DA:159,2
DA:167,2
DA:169,2
DA:171,2
DA:173,2
DA:174,2
DA:177,2
DA:248,2
DA:251,0
DA:254,0
DA:255,0
DA:258,0
DA:260,0
DA:261,0
DA:262,0
DA:263,0
DA:265,0
DA:266,0
DA:267,0
DA:268,0
DA:269,0
DA:271,0
DA:272,0
DA:275,0
DA:278,0
DA:281,0
DA:282,0
DA:283,0
DA:284,0
DA:285,0
DA:287,0
DA:290,0
DA:291,0
DA:292,0
DA:293,0
DA:294,0
DA:296,0
DA:297,0
DA:300,0
DA:302,0
DA:305,0
DA:308,0
DA:378,40178
DA:379,45164
DA:382,40178
DA:384,0
DA:389,40178
DA:391,40178
DA:392,40178
DA:394,40178
DA:395,40178
DA:396,40178
DA:399,40178
DA:400,112
DA:402,112
DA:404,112
DA:405,112
DA:407,112
DA:408,0
DA:413,112
DA:414,0
DA:418,40066
DA:420,40066
DA:422,2636
DA:423,37430
DA:424,0
DA:428,40066
DA:429,4874
DA:434,40178
DA:435,2636
DA:439,40178
DA:441,40178
DA:442,1043342
DA:443,1003164
DA:449,40178
DA:450,38292
DA:454,1886
DA:455,2350
DA:456,2350
DA:467,125242
DA:470,0
DA:474,2
DA:478,2
DA:479,2
DA:486,2
LF:87
LH:48
BRDA:169,0,0,2
BRDA:169,0,1,0
BRDA:173,1,0,2
BRDA:173,1,1,0
BRDA:251,2,0,0
BRDA:251,2,1,0
BRDA:258,3,0,0
BRDA:258,3,1,0
BRDA:261,4,0,0
BRDA:261,4,1,0
BRDA:262,5,0,0
BRDA:262,5,1,0
BRDA:265,6,0,0
BRDA:265,6,1,0
BRDA:265,7,0,0
BRDA:265,7,1,0
BRDA:271,8,0,0
BRDA:271,8,1,0
BRDA:281,9,0,0
BRDA:281,9,1,0
BRDA:282,10,0,0
BRDA:282,10,1,0
BRDA:282,11,0,0
BRDA:282,11,1,0
BRDA:282,11,2,0
BRDA:282,11,3,0
BRDA:290,12,0,0
BRDA:290,12,1,0
BRDA:291,13,0,0
BRDA:291,13,1,0
BRDA:291,14,0,0
BRDA:291,14,1,0
BRDA:291,14,2,0
BRDA:296,15,0,0
BRDA:296,15,1,0
BRDA:382,16,0,0
BRDA:382,16,1,40178
BRDA:392,17,0,1886
BRDA:392,17,1,38292
BRDA:399,18,0,112
BRDA:399,18,1,40066
BRDA:399,19,0,40178
BRDA:399,19,1,40178
BRDA:407,20,0,0
BRDA:407,20,1,112
BRDA:407,21,0,112
BRDA:407,21,1,112
BRDA:413,22,0,0
BRDA:413,22,1,112
BRDA:420,23,0,2636
BRDA:420,23,1,37430
BRDA:423,24,0,0
BRDA:423,24,1,37430
BRDA:434,25,0,2636
BRDA:434,25,1,37542
BRDA:442,26,0,1003164
BRDA:442,26,1,40178
BRDA:442,27,0,1043342
BRDA:442,27,1,1043342
BRDA:443,28,0,1003164
BRDA:443,28,1,944979
BRDA:449,29,0,38292
BRDA:449,29,1,1886
BRDA:479,30,0,2
BRDA:479,30,1,2
BRF:65
BRH:28
end_of_record
TN:
SF:/home/runner/work/coral-spectrum/coral-spectrum/coral-utils/src/scripts/Keys.js
FN:146,normalizeCode
FN:150,mapSpecialEventKeyToSpecialAPIDefinition
FN:185,_keyToCode
FN:198,cleanupFilteredListeners
FN:222,(anonymous_4)
FN:240,Keys
FN:303,_resetSequence
FN:306,(anonymous_7)
FN:313,_setCurrentKeyCombo
FN:336,reset
FN:345,_processSequences
FN:350,(anonymous_11)
FN:371,_executeListeners
FN:457,_handleKeyDown
FN:487,_handleKeyUp
FN:519,_keySequenceStringToArray
FN:539,on
FN:628,_offByKeyComboString
FN:670,off
FN:730,destroy
FN:754,init
FN:789,_keyComboToCodeString
FN:801,filterInputs
FN:823,keyToCode
FN:834,get
FNF:25
FNH:25
FNDA:248837,normalizeCode
FNDA:130470,mapSpecialEventKeyToSpecialAPIDefinition
FNDA:130468,_keyToCode
FNDA:2168,cleanupFilteredListeners
FNDA:2,(anonymous_4)
FNDA:13103,Keys
FNDA:397,_resetSequence
FNDA:155,(anonymous_7)
FNDA:3812,_setCurrentKeyCombo
FNDA:20006,reset
FNDA:2018,_processSequences
FNDA:1928,(anonymous_11)
FNDA:3976,_executeListeners
FNDA:2258,_handleKeyDown
FNDA:246579,_handleKeyUp
FNDA:20,_keySequenceStringToArray
FNDA:112558,on
FNDA:7004,_offByKeyComboString
FNDA:6892,off
FNDA:43957,destroy
FNDA:29391,init
FNDA:119472,_keyComboToCodeString
FNDA:1970,filterInputs
FNDA:1790,keyToCode
FNDA:2258,get
DA:22,2
DA:41,2
DA:53,2
DA:59,2
DA:73,2
DA:125,2
DA:127,2
DA:134,2
DA:147,248837
DA:152,130470
DA:154,4846
DA:157,2
DA:160,0
DA:163,0
DA:166,0
DA:169,0
DA:172,125622
DA:186,130468
DA:188,130468
DA:190,130468
DA:191,0
DA:195,130468
DA:199,2168
DA:201,2168
DA:202,2166
DA:207,2
DA:209,2
DA:210,2
DA:211,2
DA:215,2
DA:222,2
DA:241,13103
DA:243,13101
DA:245,13101
DA:246,0
DA:250,13101
DA:252,13101
DA:257,13101
DA:262,13101
DA:267,13101
DA:272,13101
DA:277,13101
DA:282,13101
DA:287,13101
DA:292,13101
DA:293,13101
DA:294,13101
DA:295,13101
DA:296,13101
DA:298,13101
DA:301,2
DA:304,397
DA:306,397
DA:308,155
DA:315,3812
DA:317,3812
DA:318,15248
DA:320,15248
DA:321,232
DA:326,3812
DA:339,20006
DA:340,20006
DA:341,20006
DA:346,2018
DA:348,2018
DA:350,2018
DA:351,1928
DA:353,134
DA:356,1794
DA:359,1928
DA:361,32
DA:363,32
DA:367,2018
DA:373,3976
DA:374,1616
DA:378,2360
DA:379,194
DA:382,2166
DA:383,2166
DA:384,2166
DA:386,2166
DA:387,2166
DA:391,2166
DA:392,1018
DA:393,2
DA:394,2
DA:400,2166
DA:403,2018
DA:406,2166
DA:407,938
DA:410,2166
DA:411,24
DA:414,2166
DA:415,942
DA:416,7274
DA:418,7274
DA:419,460
DA:421,460
DA:422,44
DA:423,44
DA:426,460
DA:428,460
DA:429,206
DA:434,7068
DA:435,48
DA:439,7068
DA:441,7068
DA:442,7068
DA:446,942
DA:447,426
DA:450,942
DA:451,426
DA:458,2258
DA:459,2258
DA:461,2258
DA:463,2258
DA:464,80
DA:467,2178
DA:468,2014
DA:470,2014
DA:473,2178
DA:476,2178
DA:477,66
DA:480,2178
DA:482,10
DA:488,246579
DA:490,246579
DA:497,2908
DA:502,2908
DA:506,243671
DA:508,243671
DA:509,1798
DA:512,1798
DA:514,1798
DA:520,20
DA:541,112558
DA:543,4
DA:546,2
DA:547,2
DA:550,4
DA:551,8
DA:554,4
DA:557,112554
DA:559,862
DA:560,862
DA:561,111692
DA:562,111682
DA:564,88760
DA:565,88760
DA:568,22922
DA:569,22922
DA:570,22922
DA:574,112554
DA:575,0
DA:579,112554
DA:581,112554
DA:582,111684
DA:583,111684
DA:588,112554
DA:590,112554
DA:593,20
DA:596,20
DA:607,112534
DA:609,112534
DA:610,112534
DA:612,112534
DA:624,112554
DA:630,7004
DA:632,7004
DA:633,6982
DA:635,26
DA:636,6956
DA:638,98
DA:640,160
DA:641,4
DA:642,4
DA:647,6858
DA:648,1445700
DA:649,10938
DA:650,10938
DA:671,6892
DA:672,56
DA:673,56
DA:678,6892
DA:680,6892
DA:681,6842
DA:682,6842
DA:685,6892
DA:687,4
DA:688,120
DA:692,4
DA:693,12
DA:694,2
DA:696,2
DA:700,4
DA:703,6888
DA:705,4
DA:706,28
DA:707,8
DA:709,8
DA:713,6884
DA:715,6884
DA:718,6888
DA:731,43957
DA:732,16
DA:733,16
DA:734,16
DA:736,16
DA:739,43957
DA:740,43957
DA:741,43957
DA:755,29391
DA:757,13103
DA:758,13103
DA:759,13103
DA:760,13103
DA:762,13103
DA:766,29391
DA:771,29391
DA:772,29391
DA:773,29391
DA:791,119472
DA:792,4
DA:795,119468
DA:803,1970
DA:804,86
DA:807,1884
DA:808,1884
DA:809,1884
DA:810,1884
DA:811,1884
DA:824,1790
DA:835,2258
DA:839,2
DA:849,2
LF:235
LH:228
BRDA:147,0,0,248837
BRDA:147,0,1,248017
BRDA:152,1,0,4846
BRDA:152,1,1,2
BRDA:152,1,2,0
BRDA:152,1,3,0
BRDA:152,1,4,0
BRDA:152,1,5,0
BRDA:152,1,6,125622
BRDA:188,2,0,130468
BRDA:188,2,1,10992
BRDA:190,3,0,0
BRDA:190,3,1,130468
BRDA:190,4,0,130468
BRDA:190,4,1,1552
BRDA:195,5,0,130468
BRDA:195,5,1,1552
BRDA:201,6,0,2166
BRDA:201,6,1,2
BRDA:201,7,0,2168
BRDA:201,7,1,1004
BRDA:201,7,2,6
BRDA:210,8,0,2
BRDA:210,8,1,0
BRDA:210,9,0,2
BRDA:210,9,1,0
BRDA:243,10,0,13101
BRDA:243,10,1,26
BRDA:245,11,0,0
BRDA:245,11,1,13101
BRDA:250,12,0,0
BRDA:250,12,1,13101
BRDA:257,13,0,13101
BRDA:257,13,1,97
BRDA:262,14,0,13101
BRDA:262,14,1,13099
BRDA:267,15,0,13101
BRDA:267,15,1,13099
BRDA:320,16,0,232
BRDA:320,16,1,15016
BRDA:351,17,0,134
BRDA:351,17,1,1794
BRDA:359,18,0,32
BRDA:359,18,1,1896
BRDA:373,19,0,1616
BRDA:373,19,1,2360
BRDA:378,20,0,194
BRDA:378,20,1,2166
BRDA:382,21,0,2166
BRDA:382,21,1,0
BRDA:383,22,0,148
BRDA:383,22,1,2018
BRDA:391,23,0,1018
BRDA:391,23,1,1148
BRDA:391,24,0,2166
BRDA:391,24,1,2018
BRDA:392,25,0,2
BRDA:392,25,1,1016
BRDA:400,26,0,2018
BRDA:400,26,1,148
BRDA:406,27,0,938
BRDA:406,27,1,1228
BRDA:406,28,0,2166
BRDA:406,28,1,1004
BRDA:410,29,0,24
BRDA:410,29,1,2142
BRDA:410,30,0,2166
BRDA:410,30,1,2018
BRDA:414,31,0,942
BRDA:414,31,1,1224
BRDA:414,32,0,2166
BRDA:414,32,1,2166
BRDA:418,33,0,460
BRDA:418,33,1,6814
BRDA:421,34,0,44
BRDA:421,34,1,416
BRDA:422,35,0,44
BRDA:422,35,1,20
BRDA:428,36,0,206
BRDA:428,36,1,254
BRDA:434,37,0,48
BRDA:434,37,1,7020
BRDA:442,38,0,7068
BRDA:442,38,1,6702
BRDA:446,39,0,426
BRDA:446,39,1,516
BRDA:450,40,0,426
BRDA:450,40,1,516
BRDA:463,41,0,80
BRDA:463,41,1,2178
BRDA:467,42,0,2014
BRDA:467,42,1,164
BRDA:476,43,0,66
BRDA:476,43,1,2112
BRDA:480,44,0,10
BRDA:480,44,1,2168
BRDA:490,45,0,2908
BRDA:490,45,1,243671
BRDA:508,46,0,1798
BRDA:508,46,1,241873
BRDA:541,47,0,4
BRDA:541,47,1,112554
BRDA:543,48,0,2
BRDA:543,48,1,2
BRDA:546,49,0,2
BRDA:546,49,1,2
BRDA:557,50,0,862
BRDA:557,50,1,111692
BRDA:557,51,0,112554
BRDA:557,51,1,870
BRDA:561,52,0,111682
BRDA:561,52,1,10
BRDA:562,53,0,88760
BRDA:562,53,1,22922
BRDA:574,54,0,0
BRDA:574,54,1,112554
BRDA:581,55,0,111684
BRDA:581,55,1,870
BRDA:588,56,0,88766
BRDA:588,56,1,23788
BRDA:590,57,0,20
BRDA:590,57,1,112534
BRDA:590,58,0,112554
BRDA:590,58,1,20
BRDA:610,59,0,112534
BRDA:610,59,1,95816
BRDA:616,60,0,88766
BRDA:616,60,1,23768
BRDA:632,61,0,6982
BRDA:632,61,1,22
BRDA:632,62,0,7004
BRDA:632,62,1,7004
BRDA:633,63,0,26
BRDA:633,63,1,6956
BRDA:633,64,0,6982
BRDA:633,64,1,5330
BRDA:633,64,2,124
BRDA:636,65,0,98
BRDA:636,65,1,6858
BRDA:640,66,0,4
BRDA:640,66,1,156
BRDA:640,67,0,160
BRDA:640,67,1,150
BRDA:648,68,0,10938
BRDA:648,68,1,1434762
BRDA:648,69,0,1445700
BRDA:648,69,1,10938
BRDA:648,69,2,10938
BRDA:671,70,0,56
BRDA:671,70,1,6836
BRDA:680,71,0,6842
BRDA:680,71,1,50
BRDA:685,72,0,4
BRDA:685,72,1,6888
BRDA:685,73,0,6892
BRDA:685,73,1,4
BRDA:693,74,0,2
BRDA:693,74,1,10
BRDA:703,75,0,4
BRDA:703,75,1,6884
BRDA:706,76,0,8
BRDA:706,76,1,20
BRDA:706,77,0,28
BRDA:706,77,1,28
BRDA:706,77,2,8
BRDA:706,77,3,0
BRDA:706,77,4,8
BRDA:706,77,5,0
BRDA:706,77,6,8
BRDA:706,77,7,2
BRDA:731,78,0,16
BRDA:731,78,1,43941
BRDA:755,79,0,13103
BRDA:755,79,1,16288
BRDA:791,80,0,4
BRDA:791,80,1,119468
BRDA:803,81,0,86
BRDA:803,81,1,1884
BRDA:811,82,0,1884
BRDA:811,82,1,1882
BRF:180
BRH:167
end_of_record
TN:
SF:/home/runner/work/coral-spectrum/coral-spectrum/coral-utils/src/scripts/Tracking.js
FN:29,(anonymous_0)
FN:31,Tracking
FN:49,_isTrackingDisabledForComponent
FN:60,_getTrackingDataFromComponentAttr
FN:89,_createTrackingData
FN:118,addListener
FN:136,removeListener
FN:137,(anonymous_7)
FN:156,track
FN:165,(anonymous_9)
FNF:10
FNH:10
FNDA:2,(anonymous_0)
FNDA:2,Tracking
FNDA:522,_isTrackingDisabledForComponent
FNDA:174,_getTrackingDataFromComponentAttr
FNDA:174,_createTrackingData
FNDA:176,addListener
FNDA:172,removeListener
FNDA:178,(anonymous_7)
FNDA:1131,track
FNDA:178,(anonymous_9)
DA:29,2
DA:32,2
DA:38,2
DA:47,2
DA:50,522
DA:61,174
DA:62,0
DA:69,174
DA:71,174
DA:72,174
DA:90,174
DA:92,174
DA:101,174
DA:119,176
DA:120,2
DA:123,174
DA:124,2
DA:127,172
DA:137,172
DA:138,178
DA:157,1131
DA:158,957
DA:161,174
DA:163,174
DA:165,174
DA:166,178
DA:169,174
DA:173,2
DA:197,2
LF:29
LH:28
BRDA:50,0,0,522
BRDA:50,0,1,392
BRDA:50,0,2,392
BRDA:61,1,0,0
BRDA:61,1,1,174
BRDA:69,2,0,174
BRDA:69,2,1,26
BRDA:71,3,0,174
BRDA:71,3,1,26
BRDA:90,4,0,174
BRDA:90,4,1,150
BRDA:102,5,0,174
BRDA:102,5,1,0
BRDA:102,5,2,0
BRDA:103,6,0,40
BRDA:103,6,1,134
BRDA:103,7,0,174
BRDA:103,7,1,44
BRDA:104,8,0,174
BRDA:104,8,1,0
BRDA:119,9,0,2
BRDA:119,9,1,174
BRDA:123,10,0,2
BRDA:123,10,1,172
BRDA:157,11,0,957
BRDA:157,11,1,174
BRDA:157,12,0,1131
BRDA:157,12,1,174
BRDA:157,12,2,174
BRF:29
BRH:25
end_of_record
TN:
SF:/home/runner/work/coral-spectrum/coral-spectrum/coral-utils/src/scripts/Transformation.js
FN:19,(anonymous_0)
FN:20,Transformation
FN:33,boolean
FN:47,booleanAttr
FN:59,number
FN:73,float
FN:90,string
FNF:7
FNH:7
FNDA:2,(anonymous_0)
FNDA:2,Transformation
FNDA:1402,boolean
FNDA:43715,booleanAttr
FNDA:13414,number
FNDA:18,float
FNDA:383023,string
DA:19,2
DA:21,2
DA:24,2
DA:34,1402
DA:48,43715
DA:60,13414
DA:61,13414
DA:74,18
DA:75,10
DA:78,8
DA:91,383023
DA:92,7830
DA:95,375193
DA:99,2
DA:108,2
LF:15
LH:15
BRDA:48,0,0,25170
BRDA:48,0,1,18545
BRDA:48,1,0,18545
BRDA:48,1,1,17217
BRDA:61,2,0,116
BRDA:61,2,1,13298
BRDA:74,3,0,10
BRDA:74,3,1,8
BRDA:91,4,0,7830
BRDA:91,4,1,375193
BRDA:91,5,0,383023
BRDA:91,5,1,378123
BRDA:95,6,0,375129
BRDA:95,6,1,64
BRF:14
BRH:14
end_of_record
TN:
SF:/home/runner/work/coral-spectrum/coral-spectrum/coral-utils/src/scripts/Typekit.js
FN:26,active
FN:35,(anonymous_1)
FN:46,(anonymous_2)
FN:68,(anonymous_3)
FNF:4
FNH:2
FNDA:2,active
FNDA:0,(anonymous_1)
FNDA:2,(anonymous_2)
FNDA:0,(anonymous_3)
DA:14,2
DA:16,2
DA:20,2
DA:23,2
DA:27,2
DA:31,2
DA:33,2
DA:34,2
DA:35,2
DA:36,0
DA:37,0
DA:39,2
DA:40,2
DA:42,2
DA:43,2
DA:44,2
DA:46,2
DA:47,2
DA:49,2
DA:50,0
DA:53,2
DA:54,2
DA:56,2
DA:57,2
DA:61,2
DA:62,2
DA:65,0
DA:67,0
DA:68,0
DA:69,0
DA:70,0
DA:71,0
DA:75,0
LF:33
LH:23
BRDA:14,0,0,2
BRDA:14,0,1,2
BRDA:16,1,0,2
BRDA:16,1,1,0
BRDA:20,2,0,2
BRDA:20,2,1,0
BRDA:31,3,0,2
BRDA:31,3,1,0
BRDA:49,4,0,0
BRDA:49,4,1,2
BRDA:49,5,0,2
BRDA:49,5,1,2
BRDA:49,5,2,0
BRDA:49,5,3,0
BRDA:67,6,0,0
BRDA:67,6,1,0
BRDA:67,7,0,0
BRDA:67,7,1,0
BRDA:69,8,0,0
BRDA:69,8,1,0
BRF:20
BRH:8
end_of_record
TN:
SF:/home/runner/work/coral-spectrum/coral-spectrum/coral-utils/src/scripts/Validation.js
FN:20,(anonymous_0)
FN:21,Validation
FN:36,valueMustChange
FN:56,enumeration
FN:60,(anonymous_4)
FNF:5
FNH:5
FNDA:2,(anonymous_0)
FNDA:2,Validation
FNDA:2408,valueMustChange
FNDA:160356,enumeration
FNDA:159840,(anonymous_4)
DA:20,2
DA:22,2
DA:25,2
DA:39,2408
DA:58,160356
DA:60,160356
DA:61,159840
DA:66,2
DA:89,2
LF:9
LH:9
BRF:0
BRH:0
end_of_record
